bzip2_html_10817 bzip2_html/10817 0 0 20 20
bzip2_html_21606 bzip2_html/21606 0 0 20 20
bzip2_html_19722 bzip2_html/19722 0 0 20 20
bzip2_html_11401 bzip2_html/11401 0 0 20 20
bzip2_html_792 bzip2_html/792 0 0 20 20
bzip2_html_22235 bzip2_html/22235 0 0 20 20
bzip2_html_15852 bzip2_html/15852 0 0 20 20
bzip2_html_21849 bzip2_html/21849 0 0 20 20
bzip2_html_16166 bzip2_html/16166 0 0 20 20
bzip2_html_10325 bzip2_html/10325 0 0 20 20
bzip2_html_6218 bzip2_html/6218 0 0 20 20
bzip2_html_3893 bzip2_html/3893 0 0 20 20
bzip2_html_13920 bzip2_html/13920 0 0 20 20
bzip2_html_13486 bzip2_html/13486 0 0 20 20
bzip2_html_22206 bzip2_html/22206 0 0 20 20
bzip2_html_8249 bzip2_html/8249 0 0 20 20
bzip2_html_23024 bzip2_html/23024 0 0 20 20
bzip2_html_12029 bzip2_html/12029 0 0 20 20
bzip2_combined_1241 bzip2_combined/1241 0 0 20 20
bzip2_combined_12034 bzip2_combined/12034 0 0 20 20
bzip2_combined_9233 bzip2_combined/9233 0 0 20 20
bzip2_combined_5240 bzip2_combined/5240 0 0 20 20
bzip2_combined_10718 bzip2_combined/10718 0 0 20 20
bzip2_combined_16467 bzip2_combined/16467 0 0 20 20
bzip2_combined_2762 bzip2_combined/2762 0 0 20 20
bzip2_combined_16534 bzip2_combined/16534 0 0 20 20
bzip2_combined_1967 bzip2_combined/1967 0 0 20 20
bzip2_combined_237 bzip2_combined/237 0 0 20 20
bzip2_combined_3901 bzip2_combined/3901 0 0 20 20
bzip2_combined_10921 bzip2_combined/10921 0 0 20 20
bzip2_combined_14871 bzip2_combined/14871 0 0 20 20
bzip2_combined_774 bzip2_combined/774 0 0 20 20
bzip2_combined_6928 bzip2_combined/6928 0 0 20 20
bzip2_combined_1084 bzip2_combined/1084 0 0 20 20
bzip2_combined_3361 bzip2_combined/3361 0 0 20 20
bzip2_combined_10215 bzip2_combined/10215 0 0 20 20
bzip2_source_235 bzip2_source/235 0 0 20 20
bzip2_source_1067 bzip2_source/1067 0 0 20 20
bzip2_source_21049 bzip2_source/21049 0 0 20 20
bzip2_source_15876 bzip2_source/15876 0 0 20 20
bzip2_source_12522 bzip2_source/12522 0 0 20 20
bzip2_source_1299 bzip2_source/1299 0 0 20 20
bzip2_source_7571 bzip2_source/7571 0 0 20 20
bzip2_source_10956 bzip2_source/10956 0 0 20 20
bzip2_source_6257 bzip2_source/6257 0 0 20 20
bzip2_source_1524 bzip2_source/1524 0 0 20 20
bzip2_source_13144 bzip2_source/13144 0 0 20 20
bzip2_source_445 bzip2_source/445 0 0 20 20
bzip2_source_8607 bzip2_source/8607 0 0 20 20
bzip2_source_15976 bzip2_source/15976 0 0 20 20
bzip2_source_674 bzip2_source/674 0 0 20 20
bzip2_source_13903 bzip2_source/13903 0 0 20 20
bzip2_source_20549 bzip2_source/20549 0 0 20 20
bzip2_source_7470 bzip2_source/7470 0 0 20 20
bzip2_source_709 bzip2_source/709 0 0 20 20
bzip2_source_9015 bzip2_source/9015 0 0 20 20
bzip2_source_11422 bzip2_source/11422 0 0 20 20
bzip2_source_20775 bzip2_source/20775 0 0 20 20
bzip2_source_8941 bzip2_source/8941 0 0 20 20
perlbench_splitmail_11785 perlbench_splitmail/11785 0 0 20 20
perlbench_splitmail_461 perlbench_splitmail/461 0 0 20 20
perlbench_splitmail_19288 perlbench_splitmail/19288 0 0 20 20
perlbench_splitmail_25785 perlbench_splitmail/25785 0 0 20 20
perlbench_splitmail_25684 perlbench_splitmail/25684 0 0 20 20
perlbench_splitmail_20611 perlbench_splitmail/20611 0 0 20 20
perlbench_splitmail_13174 perlbench_splitmail/13174 0 0 20 20
perlbench_splitmail_21995 perlbench_splitmail/21995 0 0 20 20
perlbench_splitmail_18918 perlbench_splitmail/18918 0 0 20 20
perlbench_splitmail_4136 perlbench_splitmail/4136 0 0 20 20
perlbench_splitmail_3807 perlbench_splitmail/3807 0 0 20 20
perlbench_splitmail_17865 perlbench_splitmail/17865 0 0 20 20
perlbench_splitmail_7088 perlbench_splitmail/7088 0 0 20 20
perlbench_splitmail_3124 perlbench_splitmail/3124 0 0 20 20
perlbench_splitmail_16122 perlbench_splitmail/16122 0 0 20 20
omnetpp_24112 omnetpp/24112 0 0 20 20
omnetpp_24078 omnetpp/24078 0 0 20 20
omnetpp_11942 omnetpp/11942 0 0 20 20
omnetpp_12932 omnetpp/12932 0 0 20 20
omnetpp_24103 omnetpp/24103 0 0 20 20
omnetpp_220 omnetpp/220 0 0 20 20
omnetpp_14200 omnetpp/14200 0 0 20 20
omnetpp_10579 omnetpp/10579 0 0 20 20
omnetpp_420 omnetpp/420 0 0 20 20
omnetpp_6218 omnetpp/6218 0 0 20 20
omnetpp_7075 omnetpp/7075 0 0 20 20
omnetpp_683 omnetpp/683 0 0 20 20
omnetpp_24046 omnetpp/24046 0 0 20 20
omnetpp_6472 omnetpp/6472 0 0 20 20
calculix_98838 calculix/98838 0 0 20 20
calculix_111803 calculix/111803 0 0 20 20
calculix_50525 calculix/50525 0 0 20 20
calculix_74623 calculix/74623 0 0 20 20
calculix_69099 calculix/69099 0 0 20 20
calculix_2357 calculix/2357 0 0 20 20
calculix_41350 calculix/41350 0 0 20 20
calculix_142065 calculix/142065 0 0 20 20
calculix_69102 calculix/69102 0 0 20 20
calculix_29519 calculix/29519 0 0 20 20
calculix_105542 calculix/105542 0 0 20 20
calculix_56608 calculix/56608 0 0 20 20
calculix_117281 calculix/117281 0 0 20 20
calculix_36586 calculix/36586 0 0 20 20
calculix_6139 calculix/6139 0 0 20 20
calculix_144896 calculix/144896 0 0 20 20
calculix_125202 calculix/125202 0 0 20 20
calculix_45057 calculix/45057 0 0 20 20
calculix_45794 calculix/45794 0 0 20 20
calculix_106910 calculix/106910 0 0 20 20
calculix_85296 calculix/85296 0 0 20 20
calculix_106271 calculix/106271 0 0 20 20
calculix_27488 calculix/27488 0 0 20 20
gobmk_nngs_26265 gobmk_nngs/26265 0 0 20 20
gobmk_nngs_8857 gobmk_nngs/8857 0 0 20 20
gobmk_nngs_12982 gobmk_nngs/12982 0 0 20 20
gobmk_nngs_15267 gobmk_nngs/15267 0 0 20 20
gobmk_nngs_24998 gobmk_nngs/24998 0 0 20 20
gobmk_nngs_16206 gobmk_nngs/16206 0 0 20 20
gobmk_nngs_18298 gobmk_nngs/18298 0 0 20 20
gobmk_nngs_14468 gobmk_nngs/14468 0 0 20 20
gobmk_nngs_7439 gobmk_nngs/7439 0 0 20 20
gobmk_nngs_25669 gobmk_nngs/25669 0 0 20 20
gobmk_nngs_11238 gobmk_nngs/11238 0 0 20 20
gobmk_nngs_8778 gobmk_nngs/8778 0 0 20 20
gobmk_nngs_11208 gobmk_nngs/11208 0 0 20 20
gobmk_nngs_12282 gobmk_nngs/12282 0 0 20 20
gobmk_nngs_15465 gobmk_nngs/15465 0 0 20 20
gobmk_nngs_8606 gobmk_nngs/8606 0 0 20 20
gobmk_nngs_867 gobmk_nngs/867 0 0 20 20
gobmk_nngs_11961 gobmk_nngs/11961 0 0 20 20
gobmk_nngs_20396 gobmk_nngs/20396 0 0 20 20
gobmk_nngs_5891 gobmk_nngs/5891 0 0 20 20
gobmk_nngs_6351 gobmk_nngs/6351 0 0 20 20
gobmk_nngs_19739 gobmk_nngs/19739 0 0 20 20
gobmk_nngs_26204 gobmk_nngs/26204 0 0 20 20
gcc_typeck_84 gcc_typeck/84 0 0 20 20
gcc_typeck_1386 gcc_typeck/1386 0 0 20 20
gcc_typeck_2778 gcc_typeck/2778 0 0 20 20
gcc_typeck_1036 gcc_typeck/1036 0 0 20 20
gcc_typeck_1467 gcc_typeck/1467 0 0 20 20
gcc_typeck_3628 gcc_typeck/3628 0 0 20 20
gcc_typeck_4761 gcc_typeck/4761 0 0 20 20
gcc_typeck_819 gcc_typeck/819 0 0 20 20
gcc_typeck_1670 gcc_typeck/1670 0 0 20 20
gcc_typeck_4065 gcc_typeck/4065 0 0 20 20
gcc_typeck_5839 gcc_typeck/5839 0 0 20 20
gcc_typeck_1001 gcc_typeck/1001 0 0 20 20
gcc_typeck_28 gcc_typeck/28 0 0 20 20
gcc_typeck_729 gcc_typeck/729 0 0 20 20
gcc_typeck_2956 gcc_typeck/2956 0 0 20 20
gcc_typeck_5313 gcc_typeck/5313 0 0 20 20
gcc_typeck_469 gcc_typeck/469 0 0 20 20
gcc_typeck_4544 gcc_typeck/4544 0 0 20 20
gcc_typeck_685 gcc_typeck/685 0 0 20 20
gcc_typeck_2194 gcc_typeck/2194 0 0 20 20
zeusmp_4257 zeusmp/4257 0 0 20 20
zeusmp_22431 zeusmp/22431 0 0 20 20
zeusmp_14092 zeusmp/14092 0 0 20 20
zeusmp_2368 zeusmp/2368 0 0 20 20
zeusmp_13287 zeusmp/13287 0 0 20 20
zeusmp_13624 zeusmp/13624 0 0 20 20
zeusmp_10865 zeusmp/10865 0 0 20 20
zeusmp_18468 zeusmp/18468 0 0 20 20
zeusmp_1843 zeusmp/1843 0 0 20 20
zeusmp_12110 zeusmp/12110 0 0 20 20
zeusmp_3828 zeusmp/3828 0 0 20 20
zeusmp_3224 zeusmp/3224 0 0 20 20
zeusmp_15251 zeusmp/15251 0 0 20 20
zeusmp_780 zeusmp/780 0 0 20 20
zeusmp_20317 zeusmp/20317 0 0 20 20
zeusmp_10774 zeusmp/10774 0 0 20 20
zeusmp_8873 zeusmp/8873 0 0 20 20
zeusmp_20685 zeusmp/20685 0 0 20 20
zeusmp_25412 zeusmp/25412 0 0 20 20
zeusmp_23814 zeusmp/23814 0 0 20 20
zeusmp_13809 zeusmp/13809 0 0 20 20
zeusmp_15361 zeusmp/15361 0 0 20 20
bwaves_5734 bwaves/5734 0 0 20 20
bwaves_61 bwaves/61 0 0 20 20
bwaves_21046 bwaves/21046 0 0 20 20
bwaves_18254 bwaves/18254 0 0 20 20
bwaves_8475 bwaves/8475 0 0 20 20
bwaves_10531 bwaves/10531 0 0 20 20
bwaves_10068 bwaves/10068 0 0 20 20
bwaves_6711 bwaves/6711 0 0 20 20
bwaves_4329 bwaves/4329 0 0 20 20
bwaves_13174 bwaves/13174 0 0 20 20
bwaves_21 bwaves/21 0 0 20 20
bwaves_191 bwaves/191 0 0 20 20
bwaves_3417 bwaves/3417 0 0 20 20
bwaves_14960 bwaves/14960 0 0 20 20
bwaves_9220 bwaves/9220 0 0 20 20
bwaves_537 bwaves/537 0 0 20 20
bwaves_14236 bwaves/14236 0 0 20 20
bwaves_17047 bwaves/17047 0 0 20 20
bwaves_1827 bwaves/1827 0 0 20 20
bwaves_7411 bwaves/7411 0 0 20 20
bwaves_636 bwaves/636 0 0 20 20
bwaves_1005 bwaves/1005 0 0 20 20
bwaves_1815 bwaves/1815 0 0 20 20
bwaves_19398 bwaves/19398 0 0 20 20
bwaves_9238 bwaves/9238 0 0 20 20
bwaves_727 bwaves/727 0 0 20 20
bwaves_20286 bwaves/20286 0 0 20 20
bwaves_13982 bwaves/13982 0 0 20 20
bwaves_219 bwaves/219 0 0 20 20
gcc_200_1246 gcc_200/1246 0 0 20 20
gcc_200_5409 gcc_200/5409 0 0 20 20
gcc_200_5515 gcc_200/5515 0 0 20 20
gcc_200_3938 gcc_200/3938 0 0 20 20
gcc_200_3838 gcc_200/3838 0 0 20 20
gcc_200_4005 gcc_200/4005 0 0 20 20
gcc_200_5402 gcc_200/5402 0 0 20 20
gcc_200_814 gcc_200/814 0 0 20 20
gcc_200_650 gcc_200/650 0 0 20 20
gcc_200_278 gcc_200/278 0 0 20 20
gcc_200_2091 gcc_200/2091 0 0 20 20
gcc_200_188 gcc_200/188 0 0 20 20
gcc_200_5692 gcc_200/5692 0 0 20 20
gcc_200_5077 gcc_200/5077 0 0 20 20
gcc_200_1032 gcc_200/1032 0 0 20 20
gcc_200_1282 gcc_200/1282 0 0 20 20
gcc_200_5762 gcc_200/5762 0 0 20 20
gcc_200_1834 gcc_200/1834 0 0 20 20
gcc_200_1660 gcc_200/1660 0 0 20 20
tonto_28760 tonto/28760 0 0 20 20
tonto_40604 tonto/40604 0 0 20 20
tonto_75135 tonto/75135 0 0 20 20
tonto_26305 tonto/26305 0 0 20 20
tonto_81818 tonto/81818 0 0 20 20
tonto_38376 tonto/38376 0 0 20 20
tonto_986 tonto/986 0 0 20 20
tonto_14721 tonto/14721 0 0 20 20
tonto_8098 tonto/8098 0 0 20 20
tonto_46571 tonto/46571 0 0 20 20
tonto_9301 tonto/9301 0 0 20 20
tonto_26946 tonto/26946 0 0 20 20
tonto_61868 tonto/61868 0 0 20 20
tonto_2991 tonto/2991 0 0 20 20
tonto_81249 tonto/81249 0 0 20 20
tonto_27518 tonto/27518 0 0 20 20
tonto_786 tonto/786 0 0 20 20
tonto_71464 tonto/71464 0 0 20 20
tonto_34725 tonto/34725 0 0 20 20
tonto_71867 tonto/71867 0 0 20 20
tonto_83989 tonto/83989 0 0 20 20
tonto_77814 tonto/77814 0 0 20 20
gromacs_18039 gromacs/18039 0 0 20 20
gromacs_34392 gromacs/34392 0 0 20 20
gromacs_33516 gromacs/33516 0 0 20 20
gromacs_31720 gromacs/31720 0 0 20 20
gromacs_43019 gromacs/43019 0 0 20 20
gromacs_58240 gromacs/58240 0 0 20 20
gromacs_54439 gromacs/54439 0 0 20 20
gromacs_30439 gromacs/30439 0 0 20 20
gromacs_33178 gromacs/33178 0 0 20 20
gromacs_15883 gromacs/15883 0 0 20 20
gromacs_61868 gromacs/61868 0 0 20 20
gromacs_22354 gromacs/22354 0 0 20 20
gromacs_33386 gromacs/33386 0 0 20 20
gromacs_48143 gromacs/48143 0 0 20 20
gromacs_48370 gromacs/48370 0 0 20 20
gromacs_32438 gromacs/32438 0 0 20 20
gromacs_34835 gromacs/34835 0 0 20 20
gromacs_2140 gromacs/2140 0 0 20 20
gromacs_8062 gromacs/8062 0 0 20 20
perlbench_diffmail_8605 perlbench_diffmail/8605 0 0 20 20
perlbench_diffmail_52 perlbench_diffmail/52 0 0 20 20
perlbench_diffmail_14842 perlbench_diffmail/14842 0 0 20 20
perlbench_diffmail_6048 perlbench_diffmail/6048 0 0 20 20
perlbench_diffmail_11714 perlbench_diffmail/11714 0 0 20 20
perlbench_diffmail_18547 perlbench_diffmail/18547 0 0 20 20
perlbench_diffmail_12864 perlbench_diffmail/12864 0 0 20 20
perlbench_diffmail_3466 perlbench_diffmail/3466 0 0 20 20
astar_biglakes_2929 astar_biglakes/2929 0 0 20 20
astar_biglakes_8956 astar_biglakes/8956 0 0 20 20
astar_biglakes_3740 astar_biglakes/3740 0 0 20 20
astar_biglakes_12114 astar_biglakes/12114 0 0 20 20
astar_biglakes_93 astar_biglakes/93 0 0 20 20
astar_biglakes_8019 astar_biglakes/8019 0 0 20 20
astar_biglakes_11702 astar_biglakes/11702 0 0 20 20
astar_biglakes_1542 astar_biglakes/1542 0 0 20 20
astar_biglakes_9925 astar_biglakes/9925 0 0 20 20
astar_biglakes_6939 astar_biglakes/6939 0 0 20 20
astar_biglakes_12896 astar_biglakes/12896 0 0 20 20
astar_biglakes_3500 astar_biglakes/3500 0 0 20 20
astar_biglakes_10096 astar_biglakes/10096 0 0 20 20
astar_biglakes_3785 astar_biglakes/3785 0 0 20 20
astar_biglakes_10459 astar_biglakes/10459 0 0 20 20
astar_biglakes_10155 astar_biglakes/10155 0 0 20 20
astar_biglakes_10933 astar_biglakes/10933 0 0 20 20
astar_biglakes_388 astar_biglakes/388 0 0 20 20
astar_biglakes_249 astar_biglakes/249 0 0 20 20
astar_biglakes_10583 astar_biglakes/10583 0 0 20 20
astar_biglakes_10520 astar_biglakes/10520 0 0 20 20
astar_biglakes_9002 astar_biglakes/9002 0 0 20 20
astar_biglakes_8538 astar_biglakes/8538 0 0 20 20
astar_biglakes_8817 astar_biglakes/8817 0 0 20 20
astar_biglakes_7692 astar_biglakes/7692 0 0 20 20
astar_biglakes_8713 astar_biglakes/8713 0 0 20 20
cactusADM_32806 cactusADM/32806 0 0 20 20
cactusADM_44887 cactusADM/44887 0 0 20 20
cactusADM_41121 cactusADM/41121 0 0 20 20
cactusADM_52155 cactusADM/52155 0 0 20 20
cactusADM_21060 cactusADM/21060 0 0 20 20
cactusADM_28 cactusADM/28 0 0 20 20
cactusADM_40 cactusADM/40 0 0 20 20
xalancbmk_29892 xalancbmk/29892 0 0 20 20
xalancbmk_31503 xalancbmk/31503 0 0 20 20
xalancbmk_27897 xalancbmk/27897 0 0 20 20
xalancbmk_27325 xalancbmk/27325 0 0 20 20
xalancbmk_23583 xalancbmk/23583 0 0 20 20
xalancbmk_21715 xalancbmk/21715 0 0 20 20
xalancbmk_19490 xalancbmk/19490 0 0 20 20
xalancbmk_27246 xalancbmk/27246 0 0 20 20
xalancbmk_14172 xalancbmk/14172 0 0 20 20
xalancbmk_9585 xalancbmk/9585 0 0 20 20
xalancbmk_30061 xalancbmk/30061 0 0 20 20
xalancbmk_18109 xalancbmk/18109 0 0 20 20
xalancbmk_744 xalancbmk/744 0 0 20 20
xalancbmk_6454 xalancbmk/6454 0 0 20 20
xalancbmk_14285 xalancbmk/14285 0 0 20 20
xalancbmk_14678 xalancbmk/14678 0 0 20 20
xalancbmk_27199 xalancbmk/27199 0 0 20 20
xalancbmk_29541 xalancbmk/29541 0 0 20 20
xalancbmk_18387 xalancbmk/18387 0 0 20 20
xalancbmk_7 xalancbmk/7 0 0 20 20
xalancbmk_5229 xalancbmk/5229 0 0 20 20
xalancbmk_7365 xalancbmk/7365 0 0 20 20
xalancbmk_29342 xalancbmk/29342 0 0 20 20
xalancbmk_173 xalancbmk/173 0 0 20 20
xalancbmk_33992 xalancbmk/33992 0 0 20 20
xalancbmk_24359 xalancbmk/24359 0 0 20 20
xalancbmk_23890 xalancbmk/23890 0 0 20 20
xalancbmk_15395 xalancbmk/15395 0 0 20 20
xalancbmk_2263 xalancbmk/2263 0 0 20 20
xalancbmk_3344 xalancbmk/3344 0 0 20 20
xalancbmk_17814 xalancbmk/17814 0 0 20 20
xalancbmk_1394 xalancbmk/1394 0 0 20 20
xalancbmk_26931 xalancbmk/26931 0 0 20 20
xalancbmk_18206 xalancbmk/18206 0 0 20 20
xalancbmk_1404 xalancbmk/1404 0 0 20 20
xalancbmk_7241 xalancbmk/7241 0 0 20 20
xalancbmk_33788 xalancbmk/33788 0 0 20 20
xalancbmk_28204 xalancbmk/28204 0 0 20 20
gamess_cytosine_1143 gamess_cytosine/1143 0 0 20 20
gamess_cytosine_52308 gamess_cytosine/52308 0 0 20 20
gamess_cytosine_25387 gamess_cytosine/25387 0 0 20 20
gamess_cytosine_5117 gamess_cytosine/5117 0 0 20 20
gamess_cytosine_18316 gamess_cytosine/18316 0 0 20 20
gamess_cytosine_33745 gamess_cytosine/33745 0 0 20 20
gamess_cytosine_42300 gamess_cytosine/42300 0 0 20 20
gamess_cytosine_52725 gamess_cytosine/52725 0 0 20 20
gamess_cytosine_21632 gamess_cytosine/21632 0 0 20 20
gamess_cytosine_44912 gamess_cytosine/44912 0 0 20 20
gamess_cytosine_32043 gamess_cytosine/32043 0 0 20 20
gamess_cytosine_46147 gamess_cytosine/46147 0 0 20 20
gamess_cytosine_45604 gamess_cytosine/45604 0 0 20 20
gamess_cytosine_51681 gamess_cytosine/51681 0 0 20 20
gamess_cytosine_52885 gamess_cytosine/52885 0 0 20 20
gamess_cytosine_27052 gamess_cytosine/27052 0 0 20 20
gamess_cytosine_45516 gamess_cytosine/45516 0 0 20 20
gamess_cytosine_20873 gamess_cytosine/20873 0 0 20 20
gamess_cytosine_35633 gamess_cytosine/35633 0 0 20 20
gamess_cytosine_49591 gamess_cytosine/49591 0 0 20 20
gamess_cytosine_37834 gamess_cytosine/37834 0 0 20 20
gcc_cpdecl_334 gcc_cpdecl/334 0 0 20 20
gcc_cpdecl_4090 gcc_cpdecl/4090 0 0 20 20
gcc_cpdecl_1900 gcc_cpdecl/1900 0 0 20 20
gcc_cpdecl_3670 gcc_cpdecl/3670 0 0 20 20
gcc_cpdecl_1094 gcc_cpdecl/1094 0 0 20 20
gcc_cpdecl_3867 gcc_cpdecl/3867 0 0 20 20
gcc_cpdecl_4015 gcc_cpdecl/4015 0 0 20 20
gcc_cpdecl_108 gcc_cpdecl/108 0 0 20 20
gcc_cpdecl_3218 gcc_cpdecl/3218 0 0 20 20
gcc_cpdecl_3365 gcc_cpdecl/3365 0 0 20 20
gcc_cpdecl_2470 gcc_cpdecl/2470 0 0 20 20
gcc_cpdecl_3191 gcc_cpdecl/3191 0 0 20 20
gcc_cpdecl_3808 gcc_cpdecl/3808 0 0 20 20
gcc_cpdecl_415 gcc_cpdecl/415 0 0 20 20
sphinx3_7090 sphinx3/7090 0 0 20 20
sphinx3_78207 sphinx3/78207 0 0 20 20
sphinx3_8094 sphinx3/8094 0 0 20 20
sphinx3_8567 sphinx3/8567 0 0 20 20
sphinx3_52445 sphinx3/52445 0 0 20 20
sphinx3_16545 sphinx3/16545 0 0 20 20
sphinx3_50906 sphinx3/50906 0 0 20 20
sphinx3_77875 sphinx3/77875 0 0 20 20
sphinx3_73331 sphinx3/73331 0 0 20 20
sphinx3_42035 sphinx3/42035 0 0 20 20
sphinx3_82196 sphinx3/82196 0 0 20 20
sphinx3_77856 sphinx3/77856 0 0 20 20
sphinx3_21899 sphinx3/21899 0 0 20 20
sphinx3_58 sphinx3/58 0 0 20 20
sphinx3_1879 sphinx3/1879 0 0 20 20
sphinx3_9870 sphinx3/9870 0 0 20 20
soplex_pds-50_10697 soplex_pds-50/10697 0 0 20 20
soplex_pds-50_7687 soplex_pds-50/7687 0 0 20 20
soplex_pds-50_127 soplex_pds-50/127 0 0 20 20
soplex_pds-50_8026 soplex_pds-50/8026 0 0 20 20
soplex_pds-50_6489 soplex_pds-50/6489 0 0 20 20
soplex_pds-50_7107 soplex_pds-50/7107 0 0 20 20
soplex_pds-50_2849 soplex_pds-50/2849 0 0 20 20
soplex_pds-50_6640 soplex_pds-50/6640 0 0 20 20
soplex_pds-50_3664 soplex_pds-50/3664 0 0 20 20
soplex_pds-50_79 soplex_pds-50/79 0 0 20 20
soplex_pds-50_8809 soplex_pds-50/8809 0 0 20 20
soplex_pds-50_6057 soplex_pds-50/6057 0 0 20 20
soplex_pds-50_2789 soplex_pds-50/2789 0 0 20 20
soplex_pds-50_1278 soplex_pds-50/1278 0 0 20 20
soplex_pds-50_4304 soplex_pds-50/4304 0 0 20 20
soplex_pds-50_11644 soplex_pds-50/11644 0 0 20 20
soplex_pds-50_17496 soplex_pds-50/17496 0 0 20 20
soplex_pds-50_971 soplex_pds-50/971 0 0 20 20
soplex_pds-50_542 soplex_pds-50/542 0 0 20 20
gobmk_trevorc_4963 gobmk_trevorc/4963 0 0 20 20
gobmk_trevorc_549 gobmk_trevorc/549 0 0 20 20
gobmk_trevorc_3760 gobmk_trevorc/3760 0 0 20 20
gobmk_trevorc_7324 gobmk_trevorc/7324 0 0 20 20
gobmk_trevorc_5357 gobmk_trevorc/5357 0 0 20 20
gobmk_trevorc_1160 gobmk_trevorc/1160 0 0 20 20
gobmk_trevorc_324 gobmk_trevorc/324 0 0 20 20
gobmk_trevorc_1911 gobmk_trevorc/1911 0 0 20 20
gobmk_trevorc_1146 gobmk_trevorc/1146 0 0 20 20
gobmk_trevorc_828 gobmk_trevorc/828 0 0 20 20
gobmk_trevorc_4422 gobmk_trevorc/4422 0 0 20 20
gobmk_trevorc_2150 gobmk_trevorc/2150 0 0 20 20
gobmk_trevorc_1736 gobmk_trevorc/1736 0 0 20 20
gobmk_trevorc_8735 gobmk_trevorc/8735 0 0 20 20
gobmk_trevorc_7869 gobmk_trevorc/7869 0 0 20 20
gobmk_trevorc_3981 gobmk_trevorc/3981 0 0 20 20
gobmk_trevorc_9484 gobmk_trevorc/9484 0 0 20 20
gobmk_trevorc_2844 gobmk_trevorc/2844 0 0 20 20
gobmk_trevorc_1420 gobmk_trevorc/1420 0 0 20 20
gobmk_trevorc_10653 gobmk_trevorc/10653 0 0 20 20
gobmk_trevorc_9976 gobmk_trevorc/9976 0 0 20 20
gobmk_trevorc_3372 gobmk_trevorc/3372 0 0 20 20
milc_28192 milc/28192 0 0 20 20
milc_19722 milc/19722 0 0 20 20
milc_25956 milc/25956 0 0 20 20
milc_23212 milc/23212 0 0 20 20
milc_29784 milc/29784 0 0 20 20
milc_1003 milc/1003 0 0 20 20
milc_22534 milc/22534 0 0 20 20
milc_22935 milc/22935 0 0 20 20
milc_16161 milc/16161 0 0 20 20
milc_6545 milc/6545 0 0 20 20
milc_28572 milc/28572 0 0 20 20
milc_21552 milc/21552 0 0 20 20
milc_24389 milc/24389 0 0 20 20
milc_30084 milc/30084 0 0 20 20
milc_27060 milc/27060 0 0 20 20
milc_5656 milc/5656 0 0 20 20
milc_12178 milc/12178 0 0 20 20
milc_3829 milc/3829 0 0 20 20
milc_6927 milc/6927 0 0 20 20
milc_3074 milc/3074 0 0 20 20
milc_17291 milc/17291 0 0 20 20
milc_149 milc/149 0 0 20 20
gobmk_score2_4494 gobmk_score2/4494 0 0 20 20
gobmk_score2_5272 gobmk_score2/5272 0 0 20 20
gobmk_score2_8156 gobmk_score2/8156 0 0 20 20
gobmk_score2_2605 gobmk_score2/2605 0 0 20 20
gobmk_score2_10678 gobmk_score2/10678 0 0 20 20
gobmk_score2_14668 gobmk_score2/14668 0 0 20 20
gobmk_score2_2897 gobmk_score2/2897 0 0 20 20
gobmk_score2_4499 gobmk_score2/4499 0 0 20 20
gobmk_score2_9403 gobmk_score2/9403 0 0 20 20
gobmk_score2_891 gobmk_score2/891 0 0 20 20
gobmk_score2_9249 gobmk_score2/9249 0 0 20 20
gobmk_score2_3651 gobmk_score2/3651 0 0 20 20
gobmk_score2_10441 gobmk_score2/10441 0 0 20 20
gobmk_score2_2144 gobmk_score2/2144 0 0 20 20
gobmk_score2_10160 gobmk_score2/10160 0 0 20 20
gobmk_score2_2571 gobmk_score2/2571 0 0 20 20
gobmk_score2_5327 gobmk_score2/5327 0 0 20 20
povray_23952 povray/23952 0 0 20 20
povray_24901 povray/24901 0 0 20 20
povray_6888 povray/6888 0 0 20 20
povray_10780 povray/10780 0 0 20 20
povray_2652 povray/2652 0 0 20 20
povray_28464 povray/28464 0 0 20 20
povray_3424 povray/3424 0 0 20 20
povray_4745 povray/4745 0 0 20 20
povray_1668 povray/1668 0 0 20 20
povray_26309 povray/26309 0 0 20 20
povray_26156 povray/26156 0 0 20 20
povray_12710 povray/12710 0 0 20 20
povray_32395 povray/32395 0 0 20 20
povray_23602 povray/23602 0 0 20 20
povray_4993 povray/4993 0 0 20 20
povray_27107 povray/27107 0 0 20 20
povray_32684 povray/32684 0 0 20 20
povray_24501 povray/24501 0 0 20 20
gcc_expr2_1464 gcc_expr2/1464 0 0 20 20
gcc_expr2_859 gcc_expr2/859 0 0 20 20
gcc_expr2_588 gcc_expr2/588 0 0 20 20
gcc_expr2_5430 gcc_expr2/5430 0 0 20 20
gcc_expr2_2237 gcc_expr2/2237 0 0 20 20
gcc_expr2_5962 gcc_expr2/5962 0 0 20 20
gcc_expr2_6086 gcc_expr2/6086 0 0 20 20
gcc_expr2_6092 gcc_expr2/6092 0 0 20 20
gcc_expr2_702 gcc_expr2/702 0 0 20 20
gcc_expr2_3158 gcc_expr2/3158 0 0 20 20
gcc_expr2_485 gcc_expr2/485 0 0 20 20
gcc_expr2_3921 gcc_expr2/3921 0 0 20 20
gcc_expr2_1023 gcc_expr2/1023 0 0 20 20
gcc_expr2_1366 gcc_expr2/1366 0 0 20 20
gcc_expr2_1313 gcc_expr2/1313 0 0 20 20
gcc_expr2_1586 gcc_expr2/1586 0 0 20 20
gcc_expr2_6326 gcc_expr2/6326 0 0 20 20
gcc_expr2_930 gcc_expr2/930 0 0 20 20
gcc_expr2_2965 gcc_expr2/2965 0 0 20 20
gcc_scilab_708 gcc_scilab/708 0 0 20 20
gcc_scilab_1867 gcc_scilab/1867 0 0 20 20
gcc_scilab_300 gcc_scilab/300 0 0 20 20
gcc_scilab_756 gcc_scilab/756 0 0 20 20
gcc_scilab_1697 gcc_scilab/1697 0 0 20 20
gcc_scilab_348 gcc_scilab/348 0 0 20 20
gcc_scilab_2370 gcc_scilab/2370 0 0 20 20
gcc_scilab_1436 gcc_scilab/1436 0 0 20 20
gcc_scilab_1805 gcc_scilab/1805 0 0 20 20
gcc_scilab_1413 gcc_scilab/1413 0 0 20 20
gcc_scilab_1763 gcc_scilab/1763 0 0 20 20
gcc_scilab_2545 gcc_scilab/2545 0 0 20 20
gcc_scilab_2150 gcc_scilab/2150 0 0 20 20
gcc_scilab_1525 gcc_scilab/1525 0 0 20 20
gcc_scilab_1868 gcc_scilab/1868 0 0 20 20
gcc_scilab_16 gcc_scilab/16 0 0 20 20
gcc_scilab_2146 gcc_scilab/2146 0 0 20 20
gcc_scilab_1739 gcc_scilab/1739 0 0 20 20
gcc_scilab_1227 gcc_scilab/1227 0 0 20 20
gcc_scilab_129 gcc_scilab/129 0 0 20 20
gcc_s04_103 gcc_s04/103 0 0 20 20
gcc_s04_384 gcc_s04/384 0 0 20 20
gcc_s04_2245 gcc_s04/2245 0 0 20 20
gcc_s04_4121 gcc_s04/4121 0 0 20 20
gcc_s04_275 gcc_s04/275 0 0 20 20
gcc_s04_4375 gcc_s04/4375 0 0 20 20
gcc_s04_6634 gcc_s04/6634 0 0 20 20
gcc_s04_4719 gcc_s04/4719 0 0 20 20
gcc_s04_6083 gcc_s04/6083 0 0 20 20
gcc_s04_6874 gcc_s04/6874 0 0 20 20
gcc_s04_654 gcc_s04/654 0 0 20 20
gcc_s04_6730 gcc_s04/6730 0 0 20 20
gcc_s04_3338 gcc_s04/3338 0 0 20 20
gcc_s04_5258 gcc_s04/5258 0 0 20 20
gcc_s04_2180 gcc_s04/2180 0 0 20 20
gcc_s04_971 gcc_s04/971 0 0 20 20
h264ref_foreman.main_4257 h264ref_foreman.main/4257 0 0 20 20
h264ref_foreman.main_1609 h264ref_foreman.main/1609 0 0 20 20
h264ref_foreman.main_14282 h264ref_foreman.main/14282 0 0 20 20
h264ref_foreman.main_82 h264ref_foreman.main/82 0 0 20 20
h264ref_foreman.main_7353 h264ref_foreman.main/7353 0 0 20 20
h264ref_foreman.main_2024 h264ref_foreman.main/2024 0 0 20 20
h264ref_foreman.main_7606 h264ref_foreman.main/7606 0 0 20 20
h264ref_foreman.main_5683 h264ref_foreman.main/5683 0 0 20 20
h264ref_foreman.main_853 h264ref_foreman.main/853 0 0 20 20
h264ref_foreman.main_10054 h264ref_foreman.main/10054 0 0 20 20
h264ref_foreman.main_3498 h264ref_foreman.main/3498 0 0 20 20
h264ref_foreman.main_13245 h264ref_foreman.main/13245 0 0 20 20
h264ref_foreman.main_4132 h264ref_foreman.main/4132 0 0 20 20
h264ref_foreman.main_1391 h264ref_foreman.main/1391 0 0 20 20
h264ref_foreman.main_8973 h264ref_foreman.main/8973 0 0 20 20
h264ref_foreman.main_1221 h264ref_foreman.main/1221 0 0 20 20
h264ref_foreman.main_4789 h264ref_foreman.main/4789 0 0 20 20
h264ref_foreman.main_10434 h264ref_foreman.main/10434 0 0 20 20
hmmer_nph3_5791 hmmer_nph3/5791 0 0 20 20
hmmer_nph3_11628 hmmer_nph3/11628 0 0 20 20
hmmer_nph3_2419 hmmer_nph3/2419 0 0 20 20
hmmer_nph3_7600 hmmer_nph3/7600 0 0 20 20
hmmer_nph3_8961 hmmer_nph3/8961 0 0 20 20
hmmer_nph3_14337 hmmer_nph3/14337 0 0 20 20
hmmer_nph3_5927 hmmer_nph3/5927 0 0 20 20
hmmer_nph3_2252 hmmer_nph3/2252 0 0 20 20
hmmer_nph3_5358 hmmer_nph3/5358 0 0 20 20
hmmer_nph3_12487 hmmer_nph3/12487 0 0 20 20
hmmer_nph3_9811 hmmer_nph3/9811 0 0 20 20
hmmer_nph3_14508 hmmer_nph3/14508 0 0 20 20
hmmer_nph3_4873 hmmer_nph3/4873 0 0 20 20
hmmer_nph3_2786 hmmer_nph3/2786 0 0 20 20
hmmer_nph3_934 hmmer_nph3/934 0 0 20 20
hmmer_nph3_307 hmmer_nph3/307 0 0 20 20
hmmer_nph3_6178 hmmer_nph3/6178 0 0 20 20
gamess_triazolium_16996 gamess_triazolium/16996 0 0 20 20
gamess_triazolium_29874 gamess_triazolium/29874 0 0 20 20
gamess_triazolium_191930 gamess_triazolium/191930 0 0 20 20
gamess_triazolium_5545 gamess_triazolium/5545 0 0 20 20
gamess_triazolium_19188 gamess_triazolium/19188 0 0 20 20
gamess_triazolium_73606 gamess_triazolium/73606 0 0 20 20
gamess_triazolium_165566 gamess_triazolium/165566 0 0 20 20
gamess_triazolium_23469 gamess_triazolium/23469 0 0 20 20
gamess_triazolium_12295 gamess_triazolium/12295 0 0 20 20
gamess_triazolium_181829 gamess_triazolium/181829 0 0 20 20
gamess_triazolium_177865 gamess_triazolium/177865 0 0 20 20
gamess_triazolium_73480 gamess_triazolium/73480 0 0 20 20
gamess_triazolium_115882 gamess_triazolium/115882 0 0 20 20
gamess_triazolium_92521 gamess_triazolium/92521 0 0 20 20
gamess_triazolium_146095 gamess_triazolium/146095 0 0 20 20
gamess_triazolium_101644 gamess_triazolium/101644 0 0 20 20
gamess_triazolium_33906 gamess_triazolium/33906 0 0 20 20
gamess_triazolium_180038 gamess_triazolium/180038 0 0 20 20
gamess_triazolium_16855 gamess_triazolium/16855 0 0 20 20
gamess_triazolium_199599 gamess_triazolium/199599 0 0 20 20
gamess_triazolium_12019 gamess_triazolium/12019 0 0 20 20
h264ref_foreman.baseline_1350 h264ref_foreman.baseline/1350 0 0 20 20
h264ref_foreman.baseline_8284 h264ref_foreman.baseline/8284 0 0 20 20
h264ref_foreman.baseline_4205 h264ref_foreman.baseline/4205 0 0 20 20
h264ref_foreman.baseline_17181 h264ref_foreman.baseline/17181 0 0 20 20
h264ref_foreman.baseline_4894 h264ref_foreman.baseline/4894 0 0 20 20
h264ref_foreman.baseline_13747 h264ref_foreman.baseline/13747 0 0 20 20
h264ref_foreman.baseline_2257 h264ref_foreman.baseline/2257 0 0 20 20
h264ref_foreman.baseline_378 h264ref_foreman.baseline/378 0 0 20 20
h264ref_foreman.baseline_2622 h264ref_foreman.baseline/2622 0 0 20 20
h264ref_foreman.baseline_21814 h264ref_foreman.baseline/21814 0 0 20 20
h264ref_foreman.baseline_4984 h264ref_foreman.baseline/4984 0 0 20 20
h264ref_foreman.baseline_15171 h264ref_foreman.baseline/15171 0 0 20 20
h264ref_foreman.baseline_18549 h264ref_foreman.baseline/18549 0 0 20 20
h264ref_foreman.baseline_517 h264ref_foreman.baseline/517 0 0 20 20
h264ref_foreman.baseline_15290 h264ref_foreman.baseline/15290 0 0 20 20
h264ref_foreman.baseline_3719 h264ref_foreman.baseline/3719 0 0 20 20
h264ref_foreman.baseline_9593 h264ref_foreman.baseline/9593 0 0 20 20
h264ref_foreman.baseline_21231 h264ref_foreman.baseline/21231 0 0 20 20
sjeng_106366 sjeng/106366 0 0 20 20
sjeng_19687 sjeng/19687 0 0 20 20
sjeng_20472 sjeng/20472 0 0 20 20
sjeng_110070 sjeng/110070 0 0 20 20
sjeng_24734 sjeng/24734 0 0 20 20
sjeng_109224 sjeng/109224 0 0 20 20
sjeng_46429 sjeng/46429 0 0 20 20
sjeng_46559 sjeng/46559 0 0 20 20
sjeng_37775 sjeng/37775 0 0 20 20
sjeng_30526 sjeng/30526 0 0 20 20
sjeng_12368 sjeng/12368 0 0 20 20
sjeng_56425 sjeng/56425 0 0 20 20
sjeng_25592 sjeng/25592 0 0 20 20
sjeng_64185 sjeng/64185 0 0 20 20
gamess_gradient_40202 gamess_gradient/40202 0 0 20 20
gamess_gradient_46681 gamess_gradient/46681 0 0 20 20
gamess_gradient_37538 gamess_gradient/37538 0 0 20 20
gamess_gradient_42816 gamess_gradient/42816 0 0 20 20
gamess_gradient_43660 gamess_gradient/43660 0 0 20 20
gamess_gradient_13616 gamess_gradient/13616 0 0 20 20
gamess_gradient_39840 gamess_gradient/39840 0 0 20 20
gamess_gradient_34186 gamess_gradient/34186 0 0 20 20
gamess_gradient_22079 gamess_gradient/22079 0 0 20 20
gamess_gradient_34773 gamess_gradient/34773 0 0 20 20
gamess_gradient_26725 gamess_gradient/26725 0 0 20 20
gamess_gradient_16910 gamess_gradient/16910 0 0 20 20
gamess_gradient_3646 gamess_gradient/3646 0 0 20 20
gamess_gradient_28079 gamess_gradient/28079 0 0 20 20
gamess_gradient_42083 gamess_gradient/42083 0 0 20 20
gamess_gradient_30308 gamess_gradient/30308 0 0 20 20
gamess_gradient_43122 gamess_gradient/43122 0 0 20 20
gamess_gradient_33788 gamess_gradient/33788 0 0 20 20
gamess_gradient_44609 gamess_gradient/44609 0 0 20 20
bzip2_chicken_7603 bzip2_chicken/7603 0 0 20 20
bzip2_chicken_8857 bzip2_chicken/8857 0 0 20 20
bzip2_chicken_3000 bzip2_chicken/3000 0 0 20 20
bzip2_chicken_1917 bzip2_chicken/1917 0 0 20 20
bzip2_chicken_1373 bzip2_chicken/1373 0 0 20 20
bzip2_chicken_4884 bzip2_chicken/4884 0 0 20 20
bzip2_chicken_873 bzip2_chicken/873 0 0 20 20
bzip2_chicken_2886 bzip2_chicken/2886 0 0 20 20
bzip2_chicken_8167 bzip2_chicken/8167 0 0 20 20
bzip2_chicken_7451 bzip2_chicken/7451 0 0 20 20
bzip2_chicken_2939 bzip2_chicken/2939 0 0 20 20
bzip2_chicken_2041 bzip2_chicken/2041 0 0 20 20
bzip2_chicken_6976 bzip2_chicken/6976 0 0 20 20
bzip2_chicken_2713 bzip2_chicken/2713 0 0 20 20
bzip2_chicken_4156 bzip2_chicken/4156 0 0 20 20
bzip2_chicken_2751 bzip2_chicken/2751 0 0 20 20
bzip2_chicken_2494 bzip2_chicken/2494 0 0 20 20
bzip2_chicken_605 bzip2_chicken/605 0 0 20 20
bzip2_chicken_327 bzip2_chicken/327 0 0 20 20
bzip2_chicken_1064 bzip2_chicken/1064 0 0 20 20
bzip2_chicken_1573 bzip2_chicken/1573 0 0 20 20
bzip2_chicken_478 bzip2_chicken/478 0 0 20 20
bzip2_chicken_1909 bzip2_chicken/1909 0 0 20 20
bzip2_chicken_3894 bzip2_chicken/3894 0 0 20 20
perlbench_checkspam_40090 perlbench_checkspam/40090 0 0 20 20
perlbench_checkspam_36554 perlbench_checkspam/36554 0 0 20 20
perlbench_checkspam_15943 perlbench_checkspam/15943 0 0 20 20
perlbench_checkspam_32304 perlbench_checkspam/32304 0 0 20 20
perlbench_checkspam_42008 perlbench_checkspam/42008 0 0 20 20
perlbench_checkspam_29684 perlbench_checkspam/29684 0 0 20 20
perlbench_checkspam_3041 perlbench_checkspam/3041 0 0 20 20
perlbench_checkspam_4044 perlbench_checkspam/4044 0 0 20 20
perlbench_checkspam_218 perlbench_checkspam/218 0 0 20 20
perlbench_checkspam_38171 perlbench_checkspam/38171 0 0 20 20
perlbench_checkspam_44298 perlbench_checkspam/44298 0 0 20 20
perlbench_checkspam_3497 perlbench_checkspam/3497 0 0 20 20
perlbench_checkspam_43452 perlbench_checkspam/43452 0 0 20 20
perlbench_checkspam_25094 perlbench_checkspam/25094 0 0 20 20
perlbench_checkspam_3011 perlbench_checkspam/3011 0 0 20 20
gobmk_trevord_3917 gobmk_trevord/3917 0 0 20 20
gobmk_trevord_1792 gobmk_trevord/1792 0 0 20 20
gobmk_trevord_3060 gobmk_trevord/3060 0 0 20 20
gobmk_trevord_11543 gobmk_trevord/11543 0 0 20 20
gobmk_trevord_11437 gobmk_trevord/11437 0 0 20 20
gobmk_trevord_12573 gobmk_trevord/12573 0 0 20 20
gobmk_trevord_8234 gobmk_trevord/8234 0 0 20 20
gobmk_trevord_5953 gobmk_trevord/5953 0 0 20 20
gobmk_trevord_15272 gobmk_trevord/15272 0 0 20 20
gobmk_trevord_14009 gobmk_trevord/14009 0 0 20 20
gobmk_trevord_768 gobmk_trevord/768 0 0 20 20
gobmk_trevord_6431 gobmk_trevord/6431 0 0 20 20
gobmk_trevord_10686 gobmk_trevord/10686 0 0 20 20
gobmk_trevord_4134 gobmk_trevord/4134 0 0 20 20
gobmk_trevord_15700 gobmk_trevord/15700 0 0 20 20
gobmk_trevord_13827 gobmk_trevord/13827 0 0 20 20
gobmk_trevord_14632 gobmk_trevord/14632 0 0 20 20
gobmk_trevord_11647 gobmk_trevord/11647 0 0 20 20
gobmk_trevord_13138 gobmk_trevord/13138 0 0 20 20
gobmk_trevord_10593 gobmk_trevord/10593 0 0 20 20
gobmk_trevord_4245 gobmk_trevord/4245 0 0 20 20
gcc_g23_5925 gcc_g23/5925 0 0 20 20
gcc_g23_5617 gcc_g23/5617 0 0 20 20
gcc_g23_7021 gcc_g23/7021 0 0 20 20
gcc_g23_6960 gcc_g23/6960 0 0 20 20
gcc_g23_1567 gcc_g23/1567 0 0 20 20
gcc_g23_1849 gcc_g23/1849 0 0 20 20
gcc_g23_8031 gcc_g23/8031 0 0 20 20
gcc_g23_3184 gcc_g23/3184 0 0 20 20
gcc_g23_74 gcc_g23/74 0 0 20 20
gcc_g23_5585 gcc_g23/5585 0 0 20 20
gcc_g23_5098 gcc_g23/5098 0 0 20 20
gcc_g23_7532 gcc_g23/7532 0 0 20 20
gcc_g23_1745 gcc_g23/1745 0 0 20 20
gcc_g23_3534 gcc_g23/3534 0 0 20 20
gcc_g23_2005 gcc_g23/2005 0 0 20 20
gcc_g23_6953 gcc_g23/6953 0 0 20 20
gcc_g23_1534 gcc_g23/1534 0 0 20 20
gcc_g23_4377 gcc_g23/4377 0 0 20 20
gcc_g23_2973 gcc_g23/2973 0 0 20 20
gcc_g23_6551 gcc_g23/6551 0 0 20 20
gcc_g23_2326 gcc_g23/2326 0 0 20 20
gcc_g23_5360 gcc_g23/5360 0 0 20 20
gcc_166_1933 gcc_166/1933 0 0 20 20
gcc_166_164 gcc_166/164 0 0 20 20
gcc_166_1281 gcc_166/1281 0 0 20 20
gcc_166_2036 gcc_166/2036 0 0 20 20
gcc_166_1631 gcc_166/1631 0 0 20 20
gcc_166_2340 gcc_166/2340 0 0 20 20
gcc_166_110 gcc_166/110 0 0 20 20
gcc_166_1349 gcc_166/1349 0 0 20 20
gcc_166_1454 gcc_166/1454 0 0 20 20
gcc_166_2907 gcc_166/2907 0 0 20 20
gcc_166_1494 gcc_166/1494 0 0 20 20
gcc_166_1730 gcc_166/1730 0 0 20 20
gcc_166_1668 gcc_166/1668 0 0 20 20
gcc_166_2889 gcc_166/2889 0 0 20 20
gcc_166_889 gcc_166/889 0 0 20 20
gcc_166_533 gcc_166/533 0 0 20 20
gcc_166_1080 gcc_166/1080 0 0 20 20
gcc_166_1254 gcc_166/1254 0 0 20 20
gcc_166_2481 gcc_166/2481 0 0 20 20
gcc_166_2064 gcc_166/2064 0 0 20 20
gcc_166_184 gcc_166/184 0 0 20 20
gcc_166_1619 gcc_166/1619 0 0 20 20
libquantum_16229 libquantum/16229 0 0 20 20
libquantum_48924 libquantum/48924 0 0 20 20
libquantum_48063 libquantum/48063 0 0 20 20
libquantum_75457 libquantum/75457 0 0 20 20
libquantum_93251 libquantum/93251 0 0 20 20
libquantum_100095 libquantum/100095 0 0 20 20
libquantum_72793 libquantum/72793 0 0 20 20
libquantum_54303 libquantum/54303 0 0 20 20
libquantum_13432 libquantum/13432 0 0 20 20
libquantum_59596 libquantum/59596 0 0 20 20
libquantum_27381 libquantum/27381 0 0 20 20
libquantum_68352 libquantum/68352 0 0 20 20
libquantum_23378 libquantum/23378 0 0 20 20
libquantum_59115 libquantum/59115 0 0 20 20
libquantum_80153 libquantum/80153 0 0 20 20
libquantum_58209 libquantum/58209 0 0 20 20
libquantum_30639 libquantum/30639 0 0 20 20
libquantum_73142 libquantum/73142 0 0 20 20
libquantum_30320 libquantum/30320 0 0 20 20
libquantum_4 libquantum/4 0 0 20 20
libquantum_92896 libquantum/92896 0 0 20 20
libquantum_67387 libquantum/67387 0 0 20 20
libquantum_88219 libquantum/88219 0 0 20 20
bzip2_program_16679 bzip2_program/16679 0 0 20 20
bzip2_program_11704 bzip2_program/11704 0 0 20 20
bzip2_program_17075 bzip2_program/17075 0 0 20 20
bzip2_program_1464 bzip2_program/1464 0 0 20 20
bzip2_program_8548 bzip2_program/8548 0 0 20 20
bzip2_program_8751 bzip2_program/8751 0 0 20 20
bzip2_program_5555 bzip2_program/5555 0 0 20 20
bzip2_program_17678 bzip2_program/17678 0 0 20 20
bzip2_program_18130 bzip2_program/18130 0 0 20 20
bzip2_program_1934 bzip2_program/1934 0 0 20 20
bzip2_program_1831 bzip2_program/1831 0 0 20 20
bzip2_program_20095 bzip2_program/20095 0 0 20 20
bzip2_program_10380 bzip2_program/10380 0 0 20 20
bzip2_program_20257 bzip2_program/20257 0 0 20 20
bzip2_program_4353 bzip2_program/4353 0 0 20 20
bzip2_program_13600 bzip2_program/13600 0 0 20 20
bzip2_program_19089 bzip2_program/19089 0 0 20 20
bzip2_program_11895 bzip2_program/11895 0 0 20 20
bzip2_program_10741 bzip2_program/10741 0 0 20 20
bzip2_program_22135 bzip2_program/22135 0 0 20 20
bzip2_program_13914 bzip2_program/13914 0 0 20 20
bzip2_program_9456 bzip2_program/9456 0 0 20 20
bzip2_program_2915 bzip2_program/2915 0 0 20 20
bzip2_program_9803 bzip2_program/9803 0 0 20 20
leslie3d_8860 leslie3d/8860 0 0 20 20
leslie3d_1110 leslie3d/1110 0 0 20 20
leslie3d_5939 leslie3d/5939 0 0 20 20
leslie3d_1427 leslie3d/1427 0 0 20 20
leslie3d_15434 leslie3d/15434 0 0 20 20
leslie3d_2359 leslie3d/2359 0 0 20 20
leslie3d_10182 leslie3d/10182 0 0 20 20
leslie3d_13318 leslie3d/13318 0 0 20 20
leslie3d_14592 leslie3d/14592 0 0 20 20
leslie3d_4044 leslie3d/4044 0 0 20 20
leslie3d_6202 leslie3d/6202 0 0 20 20
leslie3d_8894 leslie3d/8894 0 0 20 20
leslie3d_10230 leslie3d/10230 0 0 20 20
leslie3d_9874 leslie3d/9874 0 0 20 20
leslie3d_2840 leslie3d/2840 0 0 20 20
leslie3d_7210 leslie3d/7210 0 0 20 20
leslie3d_2672 leslie3d/2672 0 0 20 20
leslie3d_5416 leslie3d/5416 0 0 20 20
leslie3d_6229 leslie3d/6229 0 0 20 20
leslie3d_8371 leslie3d/8371 0 0 20 20
leslie3d_11228 leslie3d/11228 0 0 20 20
leslie3d_14514 leslie3d/14514 0 0 20 20
wrf_32185 wrf/32185 0 0 20 20
wrf_6 wrf/6 0 0 20 20
wrf_6885 wrf/6885 0 0 20 20
wrf_40969 wrf/40969 0 0 20 20
wrf_32381 wrf/32381 0 0 20 20
wrf_37625 wrf/37625 0 0 20 20
wrf_4883 wrf/4883 0 0 20 20
wrf_11780 wrf/11780 0 0 20 20
wrf_36427 wrf/36427 0 0 20 20
wrf_9719 wrf/9719 0 0 20 20
wrf_18279 wrf/18279 0 0 20 20
wrf_16946 wrf/16946 0 0 20 20
wrf_10039 wrf/10039 0 0 20 20
wrf_15991 wrf/15991 0 0 20 20
wrf_1043 wrf/1043 0 0 20 20
wrf_17000 wrf/17000 0 0 20 20
wrf_10713 wrf/10713 0 0 20 20
wrf_44857 wrf/44857 0 0 20 20
wrf_34207 wrf/34207 0 0 20 20
wrf_29031 wrf/29031 0 0 20 20
wrf_37924 wrf/37924 0 0 20 20
bzip2_liberty_10978 bzip2_liberty/10978 0 0 20 20
bzip2_liberty_14593 bzip2_liberty/14593 0 0 20 20
bzip2_liberty_4580 bzip2_liberty/4580 0 0 20 20
bzip2_liberty_1322 bzip2_liberty/1322 0 0 20 20
bzip2_liberty_7129 bzip2_liberty/7129 0 0 20 20
bzip2_liberty_10148 bzip2_liberty/10148 0 0 20 20
bzip2_liberty_9657 bzip2_liberty/9657 0 0 20 20
bzip2_liberty_9974 bzip2_liberty/9974 0 0 20 20
bzip2_liberty_6691 bzip2_liberty/6691 0 0 20 20
bzip2_liberty_6276 bzip2_liberty/6276 0 0 20 20
bzip2_liberty_5345 bzip2_liberty/5345 0 0 20 20
bzip2_liberty_3592 bzip2_liberty/3592 0 0 20 20
bzip2_liberty_7482 bzip2_liberty/7482 0 0 20 20
bzip2_liberty_4551 bzip2_liberty/4551 0 0 20 20
bzip2_liberty_10151 bzip2_liberty/10151 0 0 20 20
bzip2_liberty_2483 bzip2_liberty/2483 0 0 20 20
bzip2_liberty_870 bzip2_liberty/870 0 0 20 20
bzip2_liberty_4007 bzip2_liberty/4007 0 0 20 20
bzip2_liberty_5613 bzip2_liberty/5613 0 0 20 20
bzip2_liberty_8924 bzip2_liberty/8924 0 0 20 20
bzip2_liberty_3726 bzip2_liberty/3726 0 0 20 20
bzip2_liberty_4890 bzip2_liberty/4890 0 0 20 20
namd_51962 namd/51962 0 0 20 20
namd_79169 namd/79169 0 0 20 20
namd_82970 namd/82970 0 0 20 20
namd_68845 namd/68845 0 0 20 20
namd_53640 namd/53640 0 0 20 20
namd_66056 namd/66056 0 0 20 20
namd_45741 namd/45741 0 0 20 20
namd_81798 namd/81798 0 0 20 20
namd_47069 namd/47069 0 0 20 20
namd_61604 namd/61604 0 0 20 20
namd_16384 namd/16384 0 0 20 20
namd_74028 namd/74028 0 0 20 20
namd_15451 namd/15451 0 0 20 20
namd_11945 namd/11945 0 0 20 20
namd_28260 namd/28260 0 0 20 20
namd_82249 namd/82249 0 0 20 20
namd_35054 namd/35054 0 0 20 20
namd_50583 namd/50583 0 0 20 20
namd_63124 namd/63124 0 0 20 20
namd_43215 namd/43215 0 0 20 20
namd_37606 namd/37606 0 0 20 20
namd_32457 namd/32457 0 0 20 20
namd_796 namd/796 0 0 20 20
namd_71395 namd/71395 0 0 20 20
namd_34135 namd/34135 0 0 20 20
namd_25187 namd/25187 0 0 20 20
namd_81715 namd/81715 0 0 20 20
hmmer_retro_34539 hmmer_retro/34539 0 0 20 20
hmmer_retro_4033 hmmer_retro/4033 0 0 20 20
hmmer_retro_38761 hmmer_retro/38761 0 0 20 20
hmmer_retro_4697 hmmer_retro/4697 0 0 20 20
hmmer_retro_39063 hmmer_retro/39063 0 0 20 20
hmmer_retro_9733 hmmer_retro/9733 0 0 20 20
hmmer_retro_3574 hmmer_retro/3574 0 0 20 20
hmmer_retro_10590 hmmer_retro/10590 0 0 20 20
hmmer_retro_17136 hmmer_retro/17136 0 0 20 20
hmmer_retro_26697 hmmer_retro/26697 0 0 20 20
hmmer_retro_25482 hmmer_retro/25482 0 0 20 20
hmmer_retro_11466 hmmer_retro/11466 0 0 20 20
hmmer_retro_25189 hmmer_retro/25189 0 0 20 20
hmmer_retro_33024 hmmer_retro/33024 0 0 20 20
GemsFDTD_14520 GemsFDTD/14520 0 0 20 20
GemsFDTD_15536 GemsFDTD/15536 0 0 20 20
GemsFDTD_9088 GemsFDTD/9088 0 0 20 20
GemsFDTD_12951 GemsFDTD/12951 0 0 20 20
GemsFDTD_9562 GemsFDTD/9562 0 0 20 20
GemsFDTD_16198 GemsFDTD/16198 0 0 20 20
GemsFDTD_7078 GemsFDTD/7078 0 0 20 20
GemsFDTD_15421 GemsFDTD/15421 0 0 20 20
GemsFDTD_9655 GemsFDTD/9655 0 0 20 20
GemsFDTD_8412 GemsFDTD/8412 0 0 20 20
GemsFDTD_6614 GemsFDTD/6614 0 0 20 20
GemsFDTD_10353 GemsFDTD/10353 0 0 20 20
GemsFDTD_19654 GemsFDTD/19654 0 0 20 20
GemsFDTD_13941 GemsFDTD/13941 0 0 20 20
GemsFDTD_8491 GemsFDTD/8491 0 0 20 20
GemsFDTD_13488 GemsFDTD/13488 0 0 20 20
GemsFDTD_14459 GemsFDTD/14459 0 0 20 20
GemsFDTD_14309 GemsFDTD/14309 0 0 20 20
GemsFDTD_19793 GemsFDTD/19793 0 0 20 20
GemsFDTD_9579 GemsFDTD/9579 0 0 20 20
GemsFDTD_18633 GemsFDTD/18633 0 0 20 20
GemsFDTD_21923 GemsFDTD/21923 0 0 20 20
dealII_22080 dealII/22080 0 0 20 20
dealII_38987 dealII/38987 0 0 20 20
dealII_4267 dealII/4267 0 0 20 20
dealII_32902 dealII/32902 0 0 20 20
dealII_52388 dealII/52388 0 0 20 20
dealII_23808 dealII/23808 0 0 20 20
dealII_23922 dealII/23922 0 0 20 20
dealII_59775 dealII/59775 0 0 20 20
dealII_30071 dealII/30071 0 0 20 20
dealII_48021 dealII/48021 0 0 20 20
dealII_6430 dealII/6430 0 0 20 20
dealII_2717 dealII/2717 0 0 20 20
dealII_14793 dealII/14793 0 0 20 20
dealII_23370 dealII/23370 0 0 20 20
dealII_20623 dealII/20623 0 0 20 20
dealII_9715 dealII/9715 0 0 20 20
dealII_24999 dealII/24999 0 0 20 20
dealII_6909 dealII/6909 0 0 20 20
dealII_825 dealII/825 0 0 20 20
dealII_43769 dealII/43769 0 0 20 20
dealII_24001 dealII/24001 0 0 20 20
dealII_32941 dealII/32941 0 0 20 20
dealII_32399 dealII/32399 0 0 20 20
gobmk_13x13_8010 gobmk_13x13/8010 0 0 20 20
gobmk_13x13_7639 gobmk_13x13/7639 0 0 20 20
gobmk_13x13_4310 gobmk_13x13/4310 0 0 20 20
gobmk_13x13_1497 gobmk_13x13/1497 0 0 20 20
gobmk_13x13_7940 gobmk_13x13/7940 0 0 20 20
gobmk_13x13_7549 gobmk_13x13/7549 0 0 20 20
gobmk_13x13_799 gobmk_13x13/799 0 0 20 20
gobmk_13x13_3045 gobmk_13x13/3045 0 0 20 20
gobmk_13x13_797 gobmk_13x13/797 0 0 20 20
gobmk_13x13_4010 gobmk_13x13/4010 0 0 20 20
gobmk_13x13_8499 gobmk_13x13/8499 0 0 20 20
gobmk_13x13_4910 gobmk_13x13/4910 0 0 20 20
gobmk_13x13_9675 gobmk_13x13/9675 0 0 20 20
gobmk_13x13_1054 gobmk_13x13/1054 0 0 20 20
gobmk_13x13_9089 gobmk_13x13/9089 0 0 20 20
gobmk_13x13_5456 gobmk_13x13/5456 0 0 20 20
gobmk_13x13_1337 gobmk_13x13/1337 0 0 20 20
gobmk_13x13_294 gobmk_13x13/294 0 0 20 20
gobmk_13x13_2465 gobmk_13x13/2465 0 0 20 20
gcc_expr_4127 gcc_expr/4127 0 0 20 20
gcc_expr_183 gcc_expr/183 0 0 20 20
gcc_expr_665 gcc_expr/665 0 0 20 20
gcc_expr_4382 gcc_expr/4382 0 0 20 20
gcc_expr_2957 gcc_expr/2957 0 0 20 20
gcc_expr_163 gcc_expr/163 0 0 20 20
gcc_expr_3449 gcc_expr/3449 0 0 20 20
gcc_expr_609 gcc_expr/609 0 0 20 20
gcc_expr_3106 gcc_expr/3106 0 0 20 20
gcc_expr_392 gcc_expr/392 0 0 20 20
gcc_expr_3503 gcc_expr/3503 0 0 20 20
gcc_expr_3827 gcc_expr/3827 0 0 20 20
gcc_expr_3272 gcc_expr/3272 0 0 20 20
gcc_expr_4451 gcc_expr/4451 0 0 20 20
gcc_expr_30 gcc_expr/30 0 0 20 20
gcc_expr_443 gcc_expr/443 0 0 20 20
gcc_expr_32 gcc_expr/32 0 0 20 20
gcc_expr_246 gcc_expr/246 0 0 20 20
gcc_expr_2558 gcc_expr/2558 0 0 20 20
gcc_expr_1597 gcc_expr/1597 0 0 20 20
gcc_expr_4195 gcc_expr/4195 0 0 20 20
gcc_expr_2072 gcc_expr/2072 0 0 20 20
gcc_expr_978 gcc_expr/978 0 0 20 20
lbm_12655 lbm/12655 0 0 20 20
lbm_7788 lbm/7788 0 0 20 20
lbm_623 lbm/623 0 0 20 20
lbm_8865 lbm/8865 0 0 20 20
lbm_11740 lbm/11740 0 0 20 20
lbm_2950 lbm/2950 0 0 20 20
lbm_0 lbm/0 0 0 20 20
lbm_13652 lbm/13652 0 0 20 20
lbm_33039 lbm/33039 0 0 20 20
soplex_ref_7970 soplex_ref/7970 0 0 20 20
soplex_ref_2106 soplex_ref/2106 0 0 20 20
soplex_ref_14970 soplex_ref/14970 0 0 20 20
soplex_ref_3139 soplex_ref/3139 0 0 20 20
soplex_ref_1626 soplex_ref/1626 0 0 20 20
soplex_ref_3787 soplex_ref/3787 0 0 20 20
soplex_ref_5183 soplex_ref/5183 0 0 20 20
soplex_ref_4834 soplex_ref/4834 0 0 20 20
soplex_ref_14634 soplex_ref/14634 0 0 20 20
soplex_ref_2238 soplex_ref/2238 0 0 20 20
soplex_ref_8 soplex_ref/8 0 0 20 20
soplex_ref_1207 soplex_ref/1207 0 0 20 20
soplex_ref_16602 soplex_ref/16602 0 0 20 20
soplex_ref_1389 soplex_ref/1389 0 0 20 20
soplex_ref_3651 soplex_ref/3651 0 0 20 20
soplex_ref_569 soplex_ref/569 0 0 20 20
soplex_ref_3772 soplex_ref/3772 0 0 20 20
soplex_ref_3453 soplex_ref/3453 0 0 20 20
astar_rivers_23642 astar_rivers/23642 0 0 20 20
astar_rivers_22078 astar_rivers/22078 0 0 20 20
astar_rivers_2390 astar_rivers/2390 0 0 20 20
astar_rivers_2059 astar_rivers/2059 0 0 20 20
astar_rivers_5870 astar_rivers/5870 0 0 20 20
astar_rivers_8141 astar_rivers/8141 0 0 20 20
astar_rivers_25521 astar_rivers/25521 0 0 20 20
astar_rivers_5529 astar_rivers/5529 0 0 20 20
astar_rivers_574 astar_rivers/574 0 0 20 20
astar_rivers_5200 astar_rivers/5200 0 0 20 20
astar_rivers_9707 astar_rivers/9707 0 0 20 20
astar_rivers_11633 astar_rivers/11633 0 0 20 20
astar_rivers_16719 astar_rivers/16719 0 0 20 20
astar_rivers_25839 astar_rivers/25839 0 0 20 20
astar_rivers_9 astar_rivers/9 0 0 20 20
astar_rivers_10518 astar_rivers/10518 0 0 20 20
astar_rivers_25219 astar_rivers/25219 0 0 20 20
astar_rivers_18456 astar_rivers/18456 0 0 20 20
astar_rivers_23125 astar_rivers/23125 0 0 20 20
astar_rivers_9055 astar_rivers/9055 0 0 20 20
astar_rivers_16567 astar_rivers/16567 0 0 20 20
astar_rivers_18067 astar_rivers/18067 0 0 20 20
astar_rivers_23616 astar_rivers/23616 0 0 20 20
h264ref_sss_42783 h264ref_sss/42783 0 0 20 20
h264ref_sss_48738 h264ref_sss/48738 0 0 20 20
h264ref_sss_97639 h264ref_sss/97639 0 0 20 20
h264ref_sss_110521 h264ref_sss/110521 0 0 20 20
h264ref_sss_48041 h264ref_sss/48041 0 0 20 20
h264ref_sss_88382 h264ref_sss/88382 0 0 20 20
h264ref_sss_72014 h264ref_sss/72014 0 0 20 20
h264ref_sss_80360 h264ref_sss/80360 0 0 20 20
h264ref_sss_107305 h264ref_sss/107305 0 0 20 20
h264ref_sss_43792 h264ref_sss/43792 0 0 20 20
h264ref_sss_89773 h264ref_sss/89773 0 0 20 20
h264ref_sss_98757 h264ref_sss/98757 0 0 20 20
h264ref_sss_118175 h264ref_sss/118175 0 0 20 20
h264ref_sss_21508 h264ref_sss/21508 0 0 20 20
h264ref_sss_122810 h264ref_sss/122810 0 0 20 20
h264ref_sss_8925 h264ref_sss/8925 0 0 20 20
h264ref_sss_7420 h264ref_sss/7420 0 0 20 20
mcf_19 mcf/19 0 0 20 20
mcf_11147 mcf/11147 0 0 20 20
mcf_13753 mcf/13753 0 0 20 20
mcf_9712 mcf/9712 0 0 20 20
mcf_9308 mcf/9308 0 0 20 20
mcf_10469 mcf/10469 0 0 20 20
mcf_10950 mcf/10950 0 0 20 20
mcf_10296 mcf/10296 0 0 20 20
mcf_9705 mcf/9705 0 0 20 20
mcf_4598 mcf/4598 0 0 20 20
mcf_5624 mcf/5624 0 0 20 20
mcf_14673 mcf/14673 0 0 20 20
mcf_3483 mcf/3483 0 0 20 20
mcf_5045 mcf/5045 0 0 20 20
mcf_8804 mcf/8804 0 0 20 20
mcf_7823 mcf/7823 0 0 20 20
mcf_6176 mcf/6176 0 0 20 20
mcf_14784 mcf/14784 0 0 20 20
mcf_7799 mcf/7799 0 0 20 20
mcf_8462 mcf/8462 0 0 20 20
mcf_2883 mcf/2883 0 0 20 20
mcf_4587 mcf/4587 0 0 20 20
