mcf_9578 mcf/9578 0 0 20 20
mcf_11392 mcf/11392 0 0 20 20
mcf_10179 mcf/10179 0 0 20 20
mcf_7230 mcf/7230 0 0 20 20
mcf_9072 mcf/9072 0 0 20 20
mcf_4321 mcf/4321 0 0 20 20
mcf_7319 mcf/7319 0 0 20 20
mcf_10688 mcf/10688 0 0 20 20
mcf_12253 mcf/12253 0 0 20 20
mcf_13940 mcf/13940 0 0 20 20
mcf_1733 mcf/1733 0 0 20 20
mcf_5171 mcf/5171 0 0 20 20
mcf_8336 mcf/8336 0 0 20 20
mcf_8286 mcf/8286 0 0 20 20
mcf_9294 mcf/9294 0 0 20 20
mcf_3283 mcf/3283 0 0 20 20
mcf_5405 mcf/5405 0 0 20 20
omnetpp_20261 omnetpp/20261 0 0 20 20
omnetpp_23580 omnetpp/23580 0 0 20 20
omnetpp_722 omnetpp/722 0 0 20 20
omnetpp_8634 omnetpp/8634 0 0 20 20
omnetpp_232 omnetpp/232 0 0 20 20
omnetpp_16482 omnetpp/16482 0 0 20 20
omnetpp_19013 omnetpp/19013 0 0 20 20
omnetpp_23614 omnetpp/23614 0 0 20 20
omnetpp_443 omnetpp/443 0 0 20 20
omnetpp_15337 omnetpp/15337 0 0 20 20
soplex_ref_5925 soplex_ref/5925 0 0 20 20
soplex_ref_1867 soplex_ref/1867 0 0 20 20
soplex_ref_815 soplex_ref/815 0 0 20 20
soplex_ref_14593 soplex_ref/14593 0 0 20 20
soplex_ref_17823 soplex_ref/17823 0 0 20 20
soplex_ref_2969 soplex_ref/2969 0 0 20 20
soplex_ref_7586 soplex_ref/7586 0 0 20 20
soplex_ref_15032 soplex_ref/15032 0 0 20 20
soplex_ref_6389 soplex_ref/6389 0 0 20 20
soplex_ref_5848 soplex_ref/5848 0 0 20 20
soplex_ref_6451 soplex_ref/6451 0 0 20 20
soplex_ref_18305 soplex_ref/18305 0 0 20 20
soplex_ref_7022 soplex_ref/7022 0 0 20 20
soplex_ref_5 soplex_ref/5 0 0 20 20
soplex_ref_5619 soplex_ref/5619 0 0 20 20
soplex_ref_6670 soplex_ref/6670 0 0 20 20
soplex_ref_6013 soplex_ref/6013 0 0 20 20
soplex_ref_3823 soplex_ref/3823 0 0 20 20
soplex_ref_14255 soplex_ref/14255 0 0 20 20
soplex_ref_12912 soplex_ref/12912 0 0 20 20
soplex_ref_2192 soplex_ref/2192 0 0 20 20
soplex_ref_17742 soplex_ref/17742 0 0 20 20
soplex_ref_11847 soplex_ref/11847 0 0 20 20
soplex_ref_6948 soplex_ref/6948 0 0 20 20
astar_rivers_17784 astar_rivers/17784 0 0 20 20
astar_rivers_23939 astar_rivers/23939 0 0 20 20
astar_rivers_22685 astar_rivers/22685 0 0 20 20
astar_rivers_8042 astar_rivers/8042 0 0 20 20
astar_rivers_26625 astar_rivers/26625 0 0 20 20
astar_rivers_3208 astar_rivers/3208 0 0 20 20
astar_rivers_26808 astar_rivers/26808 0 0 20 20
astar_rivers_9999 astar_rivers/9999 0 0 20 20
xalancbmk_13778 xalancbmk/13778 0 0 20 20
xalancbmk_6580 xalancbmk/6580 0 0 20 20
xalancbmk_30003 xalancbmk/30003 0 0 20 20
xalancbmk_20929 xalancbmk/20929 0 0 20 20
xalancbmk_8926 xalancbmk/8926 0 0 20 20
xalancbmk_26039 xalancbmk/26039 0 0 20 20
xalancbmk_23797 xalancbmk/23797 0 0 20 20
xalancbmk_29317 xalancbmk/29317 0 0 20 20
xalancbmk_25293 xalancbmk/25293 0 0 20 20
xalancbmk_29593 xalancbmk/29593 0 0 20 20
xalancbmk_34239 xalancbmk/34239 0 0 20 20
xalancbmk_2499 xalancbmk/2499 0 0 20 20
xalancbmk_34536 xalancbmk/34536 0 0 20 20
xalancbmk_22901 xalancbmk/22901 0 0 20 20
xalancbmk_8082 xalancbmk/8082 0 0 20 20
xalancbmk_1720 xalancbmk/1720 0 0 20 20
xalancbmk_38579 xalancbmk/38579 0 0 20 20
xalancbmk_35819 xalancbmk/35819 0 0 20 20
xalancbmk_133 xalancbmk/133 0 0 20 20
xalancbmk_32532 xalancbmk/32532 0 0 20 20
xalancbmk_645 xalancbmk/645 0 0 20 20
xalancbmk_20480 xalancbmk/20480 0 0 20 20
xalancbmk_36054 xalancbmk/36054 0 0 20 20
xalancbmk_3933 xalancbmk/3933 0 0 20 20
xalancbmk_12634 xalancbmk/12634 0 0 20 20
xalancbmk_26958 xalancbmk/26958 0 0 20 20
xalancbmk_30438 xalancbmk/30438 0 0 20 20
xalancbmk_23047 xalancbmk/23047 0 0 20 20
xalancbmk_19713 xalancbmk/19713 0 0 20 20
xalancbmk_13296 xalancbmk/13296 0 0 20 20
xalancbmk_38737 xalancbmk/38737 0 0 20 20
xalancbmk_29650 xalancbmk/29650 0 0 20 20
xalancbmk_6379 xalancbmk/6379 0 0 20 20
xalancbmk_13669 xalancbmk/13669 0 0 20 20
xalancbmk_33880 xalancbmk/33880 0 0 20 20
xalancbmk_16112 xalancbmk/16112 0 0 20 20
xalancbmk_14490 xalancbmk/14490 0 0 20 20
xalancbmk_16845 xalancbmk/16845 0 0 20 20
xalancbmk_29930 xalancbmk/29930 0 0 20 20
xalancbmk_31957 xalancbmk/31957 0 0 20 20
xalancbmk_20515 xalancbmk/20515 0 0 20 20
xalancbmk_26324 xalancbmk/26324 0 0 20 20
xalancbmk_12428 xalancbmk/12428 0 0 20 20
xalancbmk_23231 xalancbmk/23231 0 0 20 20
gcc_expr_4337 gcc_expr/4337 0 0 20 20
gcc_expr_5195 gcc_expr/5195 0 0 20 20
gcc_expr_2549 gcc_expr/2549 0 0 20 20
gcc_expr_906 gcc_expr/906 0 0 20 20
gcc_expr_3097 gcc_expr/3097 0 0 20 20
gcc_expr_3111 gcc_expr/3111 0 0 20 20
gcc_expr_1650 gcc_expr/1650 0 0 20 20
gcc_expr_3657 gcc_expr/3657 0 0 20 20
gcc_expr_5093 gcc_expr/5093 0 0 20 20
gcc_expr_189 gcc_expr/189 0 0 20 20
gcc_expr_1935 gcc_expr/1935 0 0 20 20
gcc_expr_476 gcc_expr/476 0 0 20 20
gcc_expr_4574 gcc_expr/4574 0 0 20 20
gcc_expr_4982 gcc_expr/4982 0 0 20 20
gcc_expr_605 gcc_expr/605 0 0 20 20
gcc_expr_1728 gcc_expr/1728 0 0 20 20
gcc_expr_2192 gcc_expr/2192 0 0 20 20
gcc_expr_153 gcc_expr/153 0 0 20 20
gcc_expr_241 gcc_expr/241 0 0 20 20
gcc_expr_4656 gcc_expr/4656 0 0 20 20
bzip2_html_10255 bzip2_html/10255 0 0 20 20
bzip2_html_13936 bzip2_html/13936 0 0 20 20
bzip2_html_7440 bzip2_html/7440 0 0 20 20
bzip2_html_10473 bzip2_html/10473 0 0 20 20
bzip2_html_21714 bzip2_html/21714 0 0 20 20
bzip2_html_4110 bzip2_html/4110 0 0 20 20
bzip2_html_2892 bzip2_html/2892 0 0 20 20
bzip2_html_12420 bzip2_html/12420 0 0 20 20
bzip2_html_9573 bzip2_html/9573 0 0 20 20
bzip2_html_22657 bzip2_html/22657 0 0 20 20
bzip2_html_326 bzip2_html/326 0 0 20 20
bzip2_html_29915 bzip2_html/29915 0 0 20 20
bzip2_html_36341 bzip2_html/36341 0 0 20 20
bzip2_html_14988 bzip2_html/14988 0 0 20 20
bzip2_html_22074 bzip2_html/22074 0 0 20 20
bzip2_html_34556 bzip2_html/34556 0 0 20 20
bzip2_html_18566 bzip2_html/18566 0 0 20 20
bzip2_html_20036 bzip2_html/20036 0 0 20 20
bzip2_html_12894 bzip2_html/12894 0 0 20 20
bzip2_html_5370 bzip2_html/5370 0 0 20 20
bzip2_html_12944 bzip2_html/12944 0 0 20 20
bzip2_combined_6561 bzip2_combined/6561 0 0 20 20
bzip2_combined_475 bzip2_combined/475 0 0 20 20
bzip2_combined_3734 bzip2_combined/3734 0 0 20 20
bzip2_combined_4027 bzip2_combined/4027 0 0 20 20
bzip2_combined_6624 bzip2_combined/6624 0 0 20 20
bzip2_combined_1118 bzip2_combined/1118 0 0 20 20
bzip2_combined_11102 bzip2_combined/11102 0 0 20 20
bzip2_combined_11569 bzip2_combined/11569 0 0 20 20
bzip2_combined_8340 bzip2_combined/8340 0 0 20 20
bzip2_combined_5721 bzip2_combined/5721 0 0 20 20
bzip2_combined_3615 bzip2_combined/3615 0 0 20 20
bzip2_combined_7997 bzip2_combined/7997 0 0 20 20
bzip2_combined_11293 bzip2_combined/11293 0 0 20 20
bzip2_combined_7116 bzip2_combined/7116 0 0 20 20
bzip2_combined_5156 bzip2_combined/5156 0 0 20 20
bzip2_combined_10759 bzip2_combined/10759 0 0 20 20
bzip2_combined_15372 bzip2_combined/15372 0 0 20 20
bzip2_combined_4508 bzip2_combined/4508 0 0 20 20
bzip2_combined_2144 bzip2_combined/2144 0 0 20 20
bzip2_combined_16712 bzip2_combined/16712 0 0 20 20
bzip2_combined_12694 bzip2_combined/12694 0 0 20 20
bzip2_combined_8745 bzip2_combined/8745 0 0 20 20
bzip2_source_8439 bzip2_source/8439 0 0 20 20
bzip2_source_11803 bzip2_source/11803 0 0 20 20
bzip2_source_4063 bzip2_source/4063 0 0 20 20
bzip2_source_13103 bzip2_source/13103 0 0 20 20
bzip2_source_20944 bzip2_source/20944 0 0 20 20
bzip2_source_10285 bzip2_source/10285 0 0 20 20
bzip2_source_3638 bzip2_source/3638 0 0 20 20
bzip2_source_14618 bzip2_source/14618 0 0 20 20
bzip2_source_16577 bzip2_source/16577 0 0 20 20
bzip2_source_16593 bzip2_source/16593 0 0 20 20
bzip2_source_21236 bzip2_source/21236 0 0 20 20
bzip2_source_21459 bzip2_source/21459 0 0 20 20
bzip2_source_5329 bzip2_source/5329 0 0 20 20
bzip2_source_5008 bzip2_source/5008 0 0 20 20
bzip2_source_22151 bzip2_source/22151 0 0 20 20
bzip2_source_13590 bzip2_source/13590 0 0 20 20
bzip2_source_1947 bzip2_source/1947 0 0 20 20
bzip2_source_12053 bzip2_source/12053 0 0 20 20
bzip2_source_5655 bzip2_source/5655 0 0 20 20
bzip2_source_7959 bzip2_source/7959 0 0 20 20
bzip2_source_10500 bzip2_source/10500 0 0 20 20
bzip2_source_6808 bzip2_source/6808 0 0 20 20
perlbench_splitmail_482 perlbench_splitmail/482 0 0 20 20
perlbench_splitmail_14833 perlbench_splitmail/14833 0 0 20 20
perlbench_splitmail_10442 perlbench_splitmail/10442 0 0 20 20
perlbench_splitmail_22905 perlbench_splitmail/22905 0 0 20 20
perlbench_splitmail_9609 perlbench_splitmail/9609 0 0 20 20
perlbench_splitmail_23208 perlbench_splitmail/23208 0 0 20 20
perlbench_splitmail_20038 perlbench_splitmail/20038 0 0 20 20
perlbench_splitmail_25006 perlbench_splitmail/25006 0 0 20 20
perlbench_splitmail_15502 perlbench_splitmail/15502 0 0 20 20
perlbench_splitmail_26940 perlbench_splitmail/26940 0 0 20 20
perlbench_splitmail_3686 perlbench_splitmail/3686 0 0 20 20
perlbench_splitmail_13631 perlbench_splitmail/13631 0 0 20 20
perlbench_splitmail_10409 perlbench_splitmail/10409 0 0 20 20
perlbench_splitmail_24687 perlbench_splitmail/24687 0 0 20 20
perlbench_splitmail_29512 perlbench_splitmail/29512 0 0 20 20
perlbench_splitmail_30647 perlbench_splitmail/30647 0 0 20 20
perlbench_splitmail_9754 perlbench_splitmail/9754 0 0 20 20
perlbench_splitmail_13710 perlbench_splitmail/13710 0 0 20 20
calculix_28512 calculix/28512 0 0 20 20
calculix_3486 calculix/3486 0 0 20 20
calculix_132524 calculix/132524 0 0 20 20
calculix_197 calculix/197 0 0 20 20
calculix_198492 calculix/198492 0 0 20 20
calculix_160634 calculix/160634 0 0 20 20
calculix_218917 calculix/218917 0 0 20 20
calculix_82387 calculix/82387 0 0 20 20
calculix_52759 calculix/52759 0 0 20 20
calculix_88587 calculix/88587 0 0 20 20
calculix_52013 calculix/52013 0 0 20 20
calculix_31161 calculix/31161 0 0 20 20
calculix_159184 calculix/159184 0 0 20 20
calculix_107713 calculix/107713 0 0 20 20
calculix_123332 calculix/123332 0 0 20 20
calculix_216209 calculix/216209 0 0 20 20
calculix_178881 calculix/178881 0 0 20 20
calculix_2777 calculix/2777 0 0 20 20
calculix_162444 calculix/162444 0 0 20 20
calculix_190163 calculix/190163 0 0 20 20
calculix_2011 calculix/2011 0 0 20 20
calculix_13476 calculix/13476 0 0 20 20
calculix_212262 calculix/212262 0 0 20 20
calculix_106060 calculix/106060 0 0 20 20
calculix_17481 calculix/17481 0 0 20 20
calculix_176673 calculix/176673 0 0 20 20
calculix_167628 calculix/167628 0 0 20 20
gobmk_nngs_1792 gobmk_nngs/1792 0 0 20 20
gobmk_nngs_23820 gobmk_nngs/23820 0 0 20 20
gobmk_nngs_6711 gobmk_nngs/6711 0 0 20 20
gobmk_nngs_22932 gobmk_nngs/22932 0 0 20 20
gobmk_nngs_10574 gobmk_nngs/10574 0 0 20 20
gobmk_nngs_29149 gobmk_nngs/29149 0 0 20 20
gobmk_nngs_28357 gobmk_nngs/28357 0 0 20 20
gobmk_nngs_10377 gobmk_nngs/10377 0 0 20 20
gobmk_nngs_24621 gobmk_nngs/24621 0 0 20 20
gobmk_nngs_1392 gobmk_nngs/1392 0 0 20 20
gobmk_nngs_4348 gobmk_nngs/4348 0 0 20 20
gobmk_nngs_18098 gobmk_nngs/18098 0 0 20 20
gobmk_nngs_24124 gobmk_nngs/24124 0 0 20 20
gobmk_nngs_25453 gobmk_nngs/25453 0 0 20 20
gobmk_nngs_1954 gobmk_nngs/1954 0 0 20 20
gobmk_nngs_19491 gobmk_nngs/19491 0 0 20 20
gobmk_nngs_5856 gobmk_nngs/5856 0 0 20 20
gobmk_nngs_9129 gobmk_nngs/9129 0 0 20 20
gobmk_nngs_25428 gobmk_nngs/25428 0 0 20 20
gobmk_nngs_20382 gobmk_nngs/20382 0 0 20 20
gobmk_nngs_23400 gobmk_nngs/23400 0 0 20 20
gobmk_nngs_1185 gobmk_nngs/1185 0 0 20 20
gcc_typeck_1314 gcc_typeck/1314 0 0 20 20
gcc_typeck_1568 gcc_typeck/1568 0 0 20 20
gcc_typeck_755 gcc_typeck/755 0 0 20 20
gcc_typeck_1331 gcc_typeck/1331 0 0 20 20
gcc_typeck_5224 gcc_typeck/5224 0 0 20 20
gcc_typeck_44 gcc_typeck/44 0 0 20 20
gcc_typeck_93 gcc_typeck/93 0 0 20 20
gcc_typeck_1626 gcc_typeck/1626 0 0 20 20
gcc_typeck_6197 gcc_typeck/6197 0 0 20 20
gcc_typeck_5197 gcc_typeck/5197 0 0 20 20
gcc_typeck_1843 gcc_typeck/1843 0 0 20 20
gcc_typeck_867 gcc_typeck/867 0 0 20 20
gcc_typeck_2809 gcc_typeck/2809 0 0 20 20
gcc_typeck_4439 gcc_typeck/4439 0 0 20 20
gcc_typeck_6436 gcc_typeck/6436 0 0 20 20
gcc_typeck_2716 gcc_typeck/2716 0 0 20 20
gcc_typeck_830 gcc_typeck/830 0 0 20 20
gcc_typeck_5518 gcc_typeck/5518 0 0 20 20
gcc_typeck_1083 gcc_typeck/1083 0 0 20 20
gcc_typeck_29 gcc_typeck/29 0 0 20 20
gcc_typeck_4224 gcc_typeck/4224 0 0 20 20
gcc_typeck_3453 gcc_typeck/3453 0 0 20 20
gcc_typeck_5482 gcc_typeck/5482 0 0 20 20
zeusmp_52019 zeusmp/52019 0 0 20 20
zeusmp_30547 zeusmp/30547 0 0 20 20
zeusmp_31741 zeusmp/31741 0 0 20 20
zeusmp_23412 zeusmp/23412 0 0 20 20
zeusmp_25550 zeusmp/25550 0 0 20 20
zeusmp_53614 zeusmp/53614 0 0 20 20
zeusmp_43586 zeusmp/43586 0 0 20 20
zeusmp_29834 zeusmp/29834 0 0 20 20
zeusmp_26266 zeusmp/26266 0 0 20 20
zeusmp_55901 zeusmp/55901 0 0 20 20
zeusmp_40366 zeusmp/40366 0 0 20 20
zeusmp_10076 zeusmp/10076 0 0 20 20
zeusmp_56926 zeusmp/56926 0 0 20 20
zeusmp_57706 zeusmp/57706 0 0 20 20
zeusmp_140 zeusmp/140 0 0 20 20
zeusmp_42748 zeusmp/42748 0 0 20 20
zeusmp_78888 zeusmp/78888 0 0 20 20
zeusmp_70580 zeusmp/70580 0 0 20 20
zeusmp_2150 zeusmp/2150 0 0 20 20
zeusmp_28271 zeusmp/28271 0 0 20 20
zeusmp_42231 zeusmp/42231 0 0 20 20
zeusmp_60362 zeusmp/60362 0 0 20 20
zeusmp_35850 zeusmp/35850 0 0 20 20
zeusmp_16125 zeusmp/16125 0 0 20 20
zeusmp_44810 zeusmp/44810 0 0 20 20
zeusmp_60111 zeusmp/60111 0 0 20 20
zeusmp_25455 zeusmp/25455 0 0 20 20
zeusmp_7822 zeusmp/7822 0 0 20 20
zeusmp_65494 zeusmp/65494 0 0 20 20
bwaves_23357 bwaves/23357 0 0 20 20
bwaves_28412 bwaves/28412 0 0 20 20
bwaves_57559 bwaves/57559 0 0 20 20
bwaves_29403 bwaves/29403 0 0 20 20
bwaves_65378 bwaves/65378 0 0 20 20
bwaves_62534 bwaves/62534 0 0 20 20
bwaves_28874 bwaves/28874 0 0 20 20
bwaves_29859 bwaves/29859 0 0 20 20
bwaves_37801 bwaves/37801 0 0 20 20
bwaves_464 bwaves/464 0 0 20 20
bwaves_39714 bwaves/39714 0 0 20 20
bwaves_49342 bwaves/49342 0 0 20 20
bwaves_54062 bwaves/54062 0 0 20 20
bwaves_56699 bwaves/56699 0 0 20 20
bwaves_50572 bwaves/50572 0 0 20 20
bwaves_2759 bwaves/2759 0 0 20 20
bwaves_5842 bwaves/5842 0 0 20 20
bwaves_47286 bwaves/47286 0 0 20 20
bwaves_270 bwaves/270 0 0 20 20
bwaves_4966 bwaves/4966 0 0 20 20
bwaves_20585 bwaves/20585 0 0 20 20
bwaves_54822 bwaves/54822 0 0 20 20
bwaves_5447 bwaves/5447 0 0 20 20
gcc_200_5114 gcc_200/5114 0 0 20 20
gcc_200_1187 gcc_200/1187 0 0 20 20
gcc_200_6170 gcc_200/6170 0 0 20 20
gcc_200_4784 gcc_200/4784 0 0 20 20
gcc_200_6317 gcc_200/6317 0 0 20 20
gcc_200_7124 gcc_200/7124 0 0 20 20
gcc_200_5450 gcc_200/5450 0 0 20 20
gcc_200_5849 gcc_200/5849 0 0 20 20
gcc_200_3500 gcc_200/3500 0 0 20 20
gcc_200_674 gcc_200/674 0 0 20 20
gcc_200_1595 gcc_200/1595 0 0 20 20
gcc_200_6849 gcc_200/6849 0 0 20 20
gcc_200_1562 gcc_200/1562 0 0 20 20
gcc_200_3985 gcc_200/3985 0 0 20 20
gcc_200_492 gcc_200/492 0 0 20 20
gcc_200_2581 gcc_200/2581 0 0 20 20
gcc_200_4436 gcc_200/4436 0 0 20 20
gcc_200_2872 gcc_200/2872 0 0 20 20
gcc_200_1208 gcc_200/1208 0 0 20 20
gcc_200_4470 gcc_200/4470 0 0 20 20
tonto_40014 tonto/40014 0 0 20 20
tonto_45295 tonto/45295 0 0 20 20
tonto_55023 tonto/55023 0 0 20 20
tonto_111730 tonto/111730 0 0 20 20
tonto_399 tonto/399 0 0 20 20
tonto_70839 tonto/70839 0 0 20 20
tonto_2290 tonto/2290 0 0 20 20
tonto_42931 tonto/42931 0 0 20 20
tonto_54546 tonto/54546 0 0 20 20
tonto_31570 tonto/31570 0 0 20 20
tonto_23672 tonto/23672 0 0 20 20
tonto_55277 tonto/55277 0 0 20 20
tonto_48081 tonto/48081 0 0 20 20
tonto_114419 tonto/114419 0 0 20 20
tonto_9067 tonto/9067 0 0 20 20
tonto_53741 tonto/53741 0 0 20 20
tonto_50255 tonto/50255 0 0 20 20
tonto_112298 tonto/112298 0 0 20 20
tonto_32430 tonto/32430 0 0 20 20
tonto_25113 tonto/25113 0 0 20 20
tonto_69620 tonto/69620 0 0 20 20
tonto_104377 tonto/104377 0 0 20 20
tonto_105665 tonto/105665 0 0 20 20
tonto_24331 tonto/24331 0 0 20 20
tonto_12608 tonto/12608 0 0 20 20
tonto_806 tonto/806 0 0 20 20
gromacs_59118 gromacs/59118 0 0 20 20
gromacs_33456 gromacs/33456 0 0 20 20
gromacs_36326 gromacs/36326 0 0 20 20
gromacs_39845 gromacs/39845 0 0 20 20
gromacs_49876 gromacs/49876 0 0 20 20
gromacs_5873 gromacs/5873 0 0 20 20
gromacs_48324 gromacs/48324 0 0 20 20
gromacs_31862 gromacs/31862 0 0 20 20
gromacs_25500 gromacs/25500 0 0 20 20
gromacs_8751 gromacs/8751 0 0 20 20
gromacs_2830 gromacs/2830 0 0 20 20
gromacs_59616 gromacs/59616 0 0 20 20
gromacs_6682 gromacs/6682 0 0 20 20
gromacs_15971 gromacs/15971 0 0 20 20
gromacs_7283 gromacs/7283 0 0 20 20
gromacs_1560 gromacs/1560 0 0 20 20
gromacs_53651 gromacs/53651 0 0 20 20
gromacs_61011 gromacs/61011 0 0 20 20
gromacs_5661 gromacs/5661 0 0 20 20
gromacs_63611 gromacs/63611 0 0 20 20
gromacs_34992 gromacs/34992 0 0 20 20
gromacs_62980 gromacs/62980 0 0 20 20
gromacs_7730 gromacs/7730 0 0 20 20
gromacs_49742 gromacs/49742 0 0 20 20
gromacs_24283 gromacs/24283 0 0 20 20
gromacs_47741 gromacs/47741 0 0 20 20
gromacs_35112 gromacs/35112 0 0 20 20
gromacs_2550 gromacs/2550 0 0 20 20
gromacs_453 gromacs/453 0 0 20 20
gromacs_47694 gromacs/47694 0 0 20 20
gromacs_5752 gromacs/5752 0 0 20 20
gromacs_57170 gromacs/57170 0 0 20 20
gromacs_46408 gromacs/46408 0 0 20 20
gromacs_41343 gromacs/41343 0 0 20 20
gromacs_1290 gromacs/1290 0 0 20 20
gromacs_50261 gromacs/50261 0 0 20 20
gromacs_7784 gromacs/7784 0 0 20 20
gromacs_29843 gromacs/29843 0 0 20 20
gromacs_51431 gromacs/51431 0 0 20 20
gromacs_49896 gromacs/49896 0 0 20 20
gromacs_23071 gromacs/23071 0 0 20 20
gromacs_58288 gromacs/58288 0 0 20 20
gromacs_7065 gromacs/7065 0 0 20 20
gromacs_40673 gromacs/40673 0 0 20 20
gromacs_26086 gromacs/26086 0 0 20 20
gromacs_186 gromacs/186 0 0 20 20
gromacs_20417 gromacs/20417 0 0 20 20
gromacs_57805 gromacs/57805 0 0 20 20
gromacs_55088 gromacs/55088 0 0 20 20
gromacs_51076 gromacs/51076 0 0 20 20
gromacs_25739 gromacs/25739 0 0 20 20
gromacs_60283 gromacs/60283 0 0 20 20
gromacs_34637 gromacs/34637 0 0 20 20
perlbench_diffmail_164 perlbench_diffmail/164 0 0 20 20
perlbench_diffmail_13017 perlbench_diffmail/13017 0 0 20 20
perlbench_diffmail_9464 perlbench_diffmail/9464 0 0 20 20
perlbench_diffmail_20307 perlbench_diffmail/20307 0 0 20 20
perlbench_diffmail_9468 perlbench_diffmail/9468 0 0 20 20
perlbench_diffmail_18104 perlbench_diffmail/18104 0 0 20 20
perlbench_diffmail_13030 perlbench_diffmail/13030 0 0 20 20
perlbench_diffmail_6649 perlbench_diffmail/6649 0 0 20 20
perlbench_diffmail_15 perlbench_diffmail/15 0 0 20 20
perlbench_diffmail_15833 perlbench_diffmail/15833 0 0 20 20
perlbench_diffmail_3138 perlbench_diffmail/3138 0 0 20 20
perlbench_diffmail_20085 perlbench_diffmail/20085 0 0 20 20
astar_biglakes_7756 astar_biglakes/7756 0 0 20 20
astar_biglakes_372 astar_biglakes/372 0 0 20 20
astar_biglakes_2328 astar_biglakes/2328 0 0 20 20
astar_biglakes_314 astar_biglakes/314 0 0 20 20
astar_biglakes_3267 astar_biglakes/3267 0 0 20 20
astar_biglakes_562 astar_biglakes/562 0 0 20 20
astar_biglakes_7035 astar_biglakes/7035 0 0 20 20
astar_biglakes_13437 astar_biglakes/13437 0 0 20 20
astar_biglakes_31 astar_biglakes/31 0 0 20 20
cactusADM_35 cactusADM/35 0 0 20 20
cactusADM_128904 cactusADM/128904 0 0 20 20
cactusADM_10887 cactusADM/10887 0 0 20 20
cactusADM_156697 cactusADM/156697 0 0 20 20
cactusADM_21 cactusADM/21 0 0 20 20
cactusADM_3 cactusADM/3 0 0 20 20
cactusADM_8673 cactusADM/8673 0 0 20 20
cactusADM_12 cactusADM/12 0 0 20 20
cactusADM_122032 cactusADM/122032 0 0 20 20
gamess_cytosine_44088 gamess_cytosine/44088 0 0 20 20
gamess_cytosine_52071 gamess_cytosine/52071 0 0 20 20
gamess_cytosine_6302 gamess_cytosine/6302 0 0 20 20
gamess_cytosine_44887 gamess_cytosine/44887 0 0 20 20
gamess_cytosine_54066 gamess_cytosine/54066 0 0 20 20
gamess_cytosine_43625 gamess_cytosine/43625 0 0 20 20
gamess_cytosine_3449 gamess_cytosine/3449 0 0 20 20
gamess_cytosine_26402 gamess_cytosine/26402 0 0 20 20
gamess_cytosine_58134 gamess_cytosine/58134 0 0 20 20
gamess_cytosine_56612 gamess_cytosine/56612 0 0 20 20
gamess_cytosine_10267 gamess_cytosine/10267 0 0 20 20
gamess_cytosine_51785 gamess_cytosine/51785 0 0 20 20
gamess_cytosine_1884 gamess_cytosine/1884 0 0 20 20
gamess_cytosine_36534 gamess_cytosine/36534 0 0 20 20
gamess_cytosine_39277 gamess_cytosine/39277 0 0 20 20
gamess_cytosine_2815 gamess_cytosine/2815 0 0 20 20
gamess_cytosine_49357 gamess_cytosine/49357 0 0 20 20
gamess_cytosine_42353 gamess_cytosine/42353 0 0 20 20
gamess_cytosine_48711 gamess_cytosine/48711 0 0 20 20
gamess_cytosine_44684 gamess_cytosine/44684 0 0 20 20
gamess_cytosine_60738 gamess_cytosine/60738 0 0 20 20
gamess_cytosine_38 gamess_cytosine/38 0 0 20 20
gcc_cpdecl_280 gcc_cpdecl/280 0 0 20 20
gcc_cpdecl_46 gcc_cpdecl/46 0 0 20 20
gcc_cpdecl_4135 gcc_cpdecl/4135 0 0 20 20
gcc_cpdecl_2212 gcc_cpdecl/2212 0 0 20 20
gcc_cpdecl_290 gcc_cpdecl/290 0 0 20 20
gcc_cpdecl_4474 gcc_cpdecl/4474 0 0 20 20
gcc_cpdecl_4027 gcc_cpdecl/4027 0 0 20 20
gcc_cpdecl_2233 gcc_cpdecl/2233 0 0 20 20
gcc_cpdecl_3665 gcc_cpdecl/3665 0 0 20 20
gcc_cpdecl_494 gcc_cpdecl/494 0 0 20 20
gcc_cpdecl_4620 gcc_cpdecl/4620 0 0 20 20
gcc_cpdecl_220 gcc_cpdecl/220 0 0 20 20
gcc_cpdecl_3763 gcc_cpdecl/3763 0 0 20 20
gcc_cpdecl_4292 gcc_cpdecl/4292 0 0 20 20
gcc_cpdecl_1410 gcc_cpdecl/1410 0 0 20 20
gcc_cpdecl_3623 gcc_cpdecl/3623 0 0 20 20
gcc_cpdecl_4619 gcc_cpdecl/4619 0 0 20 20
gcc_cpdecl_4171 gcc_cpdecl/4171 0 0 20 20
gcc_cpdecl_1305 gcc_cpdecl/1305 0 0 20 20
gcc_cpdecl_4360 gcc_cpdecl/4360 0 0 20 20
gcc_cpdecl_4319 gcc_cpdecl/4319 0 0 20 20
sphinx3_28689 sphinx3/28689 0 0 20 20
sphinx3_21871 sphinx3/21871 0 0 20 20
sphinx3_41852 sphinx3/41852 0 0 20 20
sphinx3_22830 sphinx3/22830 0 0 20 20
sphinx3_142675 sphinx3/142675 0 0 20 20
sphinx3_133133 sphinx3/133133 0 0 20 20
sphinx3_79825 sphinx3/79825 0 0 20 20
sphinx3_159271 sphinx3/159271 0 0 20 20
sphinx3_82338 sphinx3/82338 0 0 20 20
sphinx3_125850 sphinx3/125850 0 0 20 20
sphinx3_83273 sphinx3/83273 0 0 20 20
sphinx3_91615 sphinx3/91615 0 0 20 20
sphinx3_30969 sphinx3/30969 0 0 20 20
sphinx3_114791 sphinx3/114791 0 0 20 20
sphinx3_112315 sphinx3/112315 0 0 20 20
sphinx3_1 sphinx3/1 0 0 20 20
sphinx3_141712 sphinx3/141712 0 0 20 20
sphinx3_89528 sphinx3/89528 0 0 20 20
sphinx3_182227 sphinx3/182227 0 0 20 20
soplex_pds-50_16596 soplex_pds-50/16596 0 0 20 20
soplex_pds-50_6499 soplex_pds-50/6499 0 0 20 20
soplex_pds-50_8684 soplex_pds-50/8684 0 0 20 20
soplex_pds-50_10016 soplex_pds-50/10016 0 0 20 20
soplex_pds-50_3582 soplex_pds-50/3582 0 0 20 20
soplex_pds-50_5038 soplex_pds-50/5038 0 0 20 20
soplex_pds-50_777 soplex_pds-50/777 0 0 20 20
soplex_pds-50_6802 soplex_pds-50/6802 0 0 20 20
soplex_pds-50_11015 soplex_pds-50/11015 0 0 20 20
soplex_pds-50_6851 soplex_pds-50/6851 0 0 20 20
soplex_pds-50_12399 soplex_pds-50/12399 0 0 20 20
soplex_pds-50_8254 soplex_pds-50/8254 0 0 20 20
soplex_pds-50_6090 soplex_pds-50/6090 0 0 20 20
soplex_pds-50_12805 soplex_pds-50/12805 0 0 20 20
soplex_pds-50_5746 soplex_pds-50/5746 0 0 20 20
soplex_pds-50_9645 soplex_pds-50/9645 0 0 20 20
soplex_pds-50_7099 soplex_pds-50/7099 0 0 20 20
soplex_pds-50_4758 soplex_pds-50/4758 0 0 20 20
soplex_pds-50_11252 soplex_pds-50/11252 0 0 20 20
soplex_pds-50_2406 soplex_pds-50/2406 0 0 20 20
soplex_pds-50_49 soplex_pds-50/49 0 0 20 20
soplex_pds-50_16031 soplex_pds-50/16031 0 0 20 20
gobmk_trevorc_4614 gobmk_trevorc/4614 0 0 20 20
gobmk_trevorc_7873 gobmk_trevorc/7873 0 0 20 20
gobmk_trevorc_7777 gobmk_trevorc/7777 0 0 20 20
gobmk_trevorc_9654 gobmk_trevorc/9654 0 0 20 20
gobmk_trevorc_4336 gobmk_trevorc/4336 0 0 20 20
gobmk_trevorc_6207 gobmk_trevorc/6207 0 0 20 20
gobmk_trevorc_1951 gobmk_trevorc/1951 0 0 20 20
gobmk_trevorc_10523 gobmk_trevorc/10523 0 0 20 20
gobmk_trevorc_9643 gobmk_trevorc/9643 0 0 20 20
gobmk_trevorc_10592 gobmk_trevorc/10592 0 0 20 20
gobmk_trevorc_2978 gobmk_trevorc/2978 0 0 20 20
gobmk_trevorc_5257 gobmk_trevorc/5257 0 0 20 20
gobmk_trevorc_10771 gobmk_trevorc/10771 0 0 20 20
gobmk_trevorc_7624 gobmk_trevorc/7624 0 0 20 20
gobmk_trevorc_5308 gobmk_trevorc/5308 0 0 20 20
gobmk_trevorc_7017 gobmk_trevorc/7017 0 0 20 20
gobmk_trevorc_1093 gobmk_trevorc/1093 0 0 20 20
gobmk_trevorc_10146 gobmk_trevorc/10146 0 0 20 20
gobmk_trevorc_4084 gobmk_trevorc/4084 0 0 20 20
gobmk_trevorc_11160 gobmk_trevorc/11160 0 0 20 20
gobmk_trevorc_3142 gobmk_trevorc/3142 0 0 20 20
gobmk_trevorc_1725 gobmk_trevorc/1725 0 0 20 20
gobmk_trevorc_4605 gobmk_trevorc/4605 0 0 20 20
gobmk_trevorc_7916 gobmk_trevorc/7916 0 0 20 20
gobmk_trevorc_9192 gobmk_trevorc/9192 0 0 20 20
gobmk_trevorc_5812 gobmk_trevorc/5812 0 0 20 20
gobmk_trevorc_6458 gobmk_trevorc/6458 0 0 20 20
milc_23827 milc/23827 0 0 20 20
milc_30826 milc/30826 0 0 20 20
milc_11803 milc/11803 0 0 20 20
milc_1309 milc/1309 0 0 20 20
milc_3514 milc/3514 0 0 20 20
milc_13996 milc/13996 0 0 20 20
milc_32045 milc/32045 0 0 20 20
milc_31721 milc/31721 0 0 20 20
milc_27406 milc/27406 0 0 20 20
milc_33801 milc/33801 0 0 20 20
milc_38749 milc/38749 0 0 20 20
milc_8124 milc/8124 0 0 20 20
milc_14775 milc/14775 0 0 20 20
milc_8697 milc/8697 0 0 20 20
milc_12767 milc/12767 0 0 20 20
milc_178 milc/178 0 0 20 20
milc_4948 milc/4948 0 0 20 20
milc_4947 milc/4947 0 0 20 20
milc_17368 milc/17368 0 0 20 20
milc_8973 milc/8973 0 0 20 20
milc_12654 milc/12654 0 0 20 20
milc_14196 milc/14196 0 0 20 20
milc_8279 milc/8279 0 0 20 20
milc_5116 milc/5116 0 0 20 20
milc_21031 milc/21031 0 0 20 20
milc_30974 milc/30974 0 0 20 20
gobmk_score2_13056 gobmk_score2/13056 0 0 20 20
gobmk_score2_13713 gobmk_score2/13713 0 0 20 20
gobmk_score2_1710 gobmk_score2/1710 0 0 20 20
gobmk_score2_12318 gobmk_score2/12318 0 0 20 20
gobmk_score2_299 gobmk_score2/299 0 0 20 20
gobmk_score2_4854 gobmk_score2/4854 0 0 20 20
gobmk_score2_213 gobmk_score2/213 0 0 20 20
gobmk_score2_4597 gobmk_score2/4597 0 0 20 20
gobmk_score2_4622 gobmk_score2/4622 0 0 20 20
gobmk_score2_14788 gobmk_score2/14788 0 0 20 20
gobmk_score2_11729 gobmk_score2/11729 0 0 20 20
gobmk_score2_5045 gobmk_score2/5045 0 0 20 20
gobmk_score2_14402 gobmk_score2/14402 0 0 20 20
gobmk_score2_15236 gobmk_score2/15236 0 0 20 20
gobmk_score2_2209 gobmk_score2/2209 0 0 20 20
gobmk_score2_14133 gobmk_score2/14133 0 0 20 20
gobmk_score2_14717 gobmk_score2/14717 0 0 20 20
gobmk_score2_13979 gobmk_score2/13979 0 0 20 20
gobmk_score2_8112 gobmk_score2/8112 0 0 20 20
povray_31685 povray/31685 0 0 20 20
povray_26628 povray/26628 0 0 20 20
povray_15593 povray/15593 0 0 20 20
povray_38909 povray/38909 0 0 20 20
povray_38516 povray/38516 0 0 20 20
povray_21900 povray/21900 0 0 20 20
povray_39053 povray/39053 0 0 20 20
povray_9853 povray/9853 0 0 20 20
povray_34014 povray/34014 0 0 20 20
povray_13677 povray/13677 0 0 20 20
povray_37386 povray/37386 0 0 20 20
povray_10202 povray/10202 0 0 20 20
povray_29604 povray/29604 0 0 20 20
povray_2108 povray/2108 0 0 20 20
povray_5911 povray/5911 0 0 20 20
povray_1618 povray/1618 0 0 20 20
povray_25213 povray/25213 0 0 20 20
povray_15979 povray/15979 0 0 20 20
povray_21308 povray/21308 0 0 20 20
povray_9679 povray/9679 0 0 20 20
povray_9239 povray/9239 0 0 20 20
gcc_expr2_2948 gcc_expr2/2948 0 0 20 20
gcc_expr2_4116 gcc_expr2/4116 0 0 20 20
gcc_expr2_6904 gcc_expr2/6904 0 0 20 20
gcc_expr2_5749 gcc_expr2/5749 0 0 20 20
gcc_expr2_1098 gcc_expr2/1098 0 0 20 20
gcc_expr2_2551 gcc_expr2/2551 0 0 20 20
gcc_expr2_991 gcc_expr2/991 0 0 20 20
gcc_expr2_6119 gcc_expr2/6119 0 0 20 20
gcc_expr2_794 gcc_expr2/794 0 0 20 20
gcc_expr2_4347 gcc_expr2/4347 0 0 20 20
gcc_expr2_6791 gcc_expr2/6791 0 0 20 20
gcc_expr2_1406 gcc_expr2/1406 0 0 20 20
gcc_expr2_1803 gcc_expr2/1803 0 0 20 20
gcc_expr2_786 gcc_expr2/786 0 0 20 20
gcc_expr2_4176 gcc_expr2/4176 0 0 20 20
gcc_expr2_1529 gcc_expr2/1529 0 0 20 20
gcc_expr2_5599 gcc_expr2/5599 0 0 20 20
gcc_expr2_5509 gcc_expr2/5509 0 0 20 20
gcc_expr2_4031 gcc_expr2/4031 0 0 20 20
gcc_expr2_6303 gcc_expr2/6303 0 0 20 20
gcc_expr2_6943 gcc_expr2/6943 0 0 20 20
gcc_expr2_4175 gcc_expr2/4175 0 0 20 20
gcc_expr2_6639 gcc_expr2/6639 0 0 20 20
gcc_scilab_248 gcc_scilab/248 0 0 20 20
gcc_scilab_1931 gcc_scilab/1931 0 0 20 20
gcc_scilab_1194 gcc_scilab/1194 0 0 20 20
gcc_scilab_405 gcc_scilab/405 0 0 20 20
gcc_scilab_881 gcc_scilab/881 0 0 20 20
gcc_scilab_2811 gcc_scilab/2811 0 0 20 20
gcc_scilab_1387 gcc_scilab/1387 0 0 20 20
gcc_scilab_258 gcc_scilab/258 0 0 20 20
gcc_scilab_643 gcc_scilab/643 0 0 20 20
gcc_scilab_1025 gcc_scilab/1025 0 0 20 20
gcc_scilab_451 gcc_scilab/451 0 0 20 20
gcc_scilab_1438 gcc_scilab/1438 0 0 20 20
gcc_scilab_1040 gcc_scilab/1040 0 0 20 20
gcc_scilab_2672 gcc_scilab/2672 0 0 20 20
gcc_scilab_2089 gcc_scilab/2089 0 0 20 20
gcc_scilab_443 gcc_scilab/443 0 0 20 20
gcc_scilab_146 gcc_scilab/146 0 0 20 20
gcc_scilab_1321 gcc_scilab/1321 0 0 20 20
gcc_scilab_2693 gcc_scilab/2693 0 0 20 20
gcc_scilab_337 gcc_scilab/337 0 0 20 20
gcc_scilab_956 gcc_scilab/956 0 0 20 20
gcc_s04_5741 gcc_s04/5741 0 0 20 20
gcc_s04_6623 gcc_s04/6623 0 0 20 20
gcc_s04_6804 gcc_s04/6804 0 0 20 20
gcc_s04_1824 gcc_s04/1824 0 0 20 20
gcc_s04_4953 gcc_s04/4953 0 0 20 20
gcc_s04_6031 gcc_s04/6031 0 0 20 20
gcc_s04_5027 gcc_s04/5027 0 0 20 20
gcc_s04_7121 gcc_s04/7121 0 0 20 20
gcc_s04_7004 gcc_s04/7004 0 0 20 20
gcc_s04_2957 gcc_s04/2957 0 0 20 20
gcc_s04_4558 gcc_s04/4558 0 0 20 20
gcc_s04_681 gcc_s04/681 0 0 20 20
gcc_s04_6725 gcc_s04/6725 0 0 20 20
gcc_s04_7493 gcc_s04/7493 0 0 20 20
gcc_s04_7875 gcc_s04/7875 0 0 20 20
gcc_s04_7945 gcc_s04/7945 0 0 20 20
gcc_s04_1315 gcc_s04/1315 0 0 20 20
gcc_s04_379 gcc_s04/379 0 0 20 20
gcc_s04_4887 gcc_s04/4887 0 0 20 20
gcc_s04_7663 gcc_s04/7663 0 0 20 20
gcc_s04_5168 gcc_s04/5168 0 0 20 20
gcc_s04_7555 gcc_s04/7555 0 0 20 20
gcc_s04_5449 gcc_s04/5449 0 0 20 20
gcc_s04_255 gcc_s04/255 0 0 20 20
gcc_s04_3244 gcc_s04/3244 0 0 20 20
gcc_s04_6393 gcc_s04/6393 0 0 20 20
h264ref_foreman.main_12537 h264ref_foreman.main/12537 0 0 20 20
h264ref_foreman.main_13468 h264ref_foreman.main/13468 0 0 20 20
h264ref_foreman.main_22847 h264ref_foreman.main/22847 0 0 20 20
h264ref_foreman.main_20206 h264ref_foreman.main/20206 0 0 20 20
h264ref_foreman.main_12419 h264ref_foreman.main/12419 0 0 20 20
h264ref_foreman.main_8751 h264ref_foreman.main/8751 0 0 20 20
h264ref_foreman.main_21701 h264ref_foreman.main/21701 0 0 20 20
h264ref_foreman.main_11805 h264ref_foreman.main/11805 0 0 20 20
h264ref_foreman.main_16107 h264ref_foreman.main/16107 0 0 20 20
h264ref_foreman.main_3807 h264ref_foreman.main/3807 0 0 20 20
h264ref_foreman.main_12369 h264ref_foreman.main/12369 0 0 20 20
h264ref_foreman.main_1495 h264ref_foreman.main/1495 0 0 20 20
h264ref_foreman.main_22387 h264ref_foreman.main/22387 0 0 20 20
h264ref_foreman.main_18695 h264ref_foreman.main/18695 0 0 20 20
h264ref_foreman.main_7969 h264ref_foreman.main/7969 0 0 20 20
h264ref_foreman.main_10651 h264ref_foreman.main/10651 0 0 20 20
h264ref_foreman.main_4387 h264ref_foreman.main/4387 0 0 20 20
h264ref_foreman.main_7140 h264ref_foreman.main/7140 0 0 20 20
h264ref_foreman.main_854 h264ref_foreman.main/854 0 0 20 20
h264ref_foreman.main_16012 h264ref_foreman.main/16012 0 0 20 20
hmmer_nph3_41685 hmmer_nph3/41685 0 0 20 20
hmmer_nph3_14430 hmmer_nph3/14430 0 0 20 20
hmmer_nph3_33586 hmmer_nph3/33586 0 0 20 20
hmmer_nph3_46771 hmmer_nph3/46771 0 0 20 20
hmmer_nph3_31576 hmmer_nph3/31576 0 0 20 20
hmmer_nph3_2887 hmmer_nph3/2887 0 0 20 20
hmmer_nph3_19180 hmmer_nph3/19180 0 0 20 20
hmmer_nph3_9545 hmmer_nph3/9545 0 0 20 20
hmmer_nph3_1845 hmmer_nph3/1845 0 0 20 20
hmmer_nph3_0 hmmer_nph3/0 0 0 20 20
hmmer_nph3_41515 hmmer_nph3/41515 0 0 20 20
hmmer_nph3_33598 hmmer_nph3/33598 0 0 20 20
gamess_triazolium_98281 gamess_triazolium/98281 0 0 20 20
gamess_triazolium_175608 gamess_triazolium/175608 0 0 20 20
gamess_triazolium_63874 gamess_triazolium/63874 0 0 20 20
gamess_triazolium_48031 gamess_triazolium/48031 0 0 20 20
gamess_triazolium_13151 gamess_triazolium/13151 0 0 20 20
gamess_triazolium_104427 gamess_triazolium/104427 0 0 20 20
gamess_triazolium_189386 gamess_triazolium/189386 0 0 20 20
gamess_triazolium_63754 gamess_triazolium/63754 0 0 20 20
gamess_triazolium_161911 gamess_triazolium/161911 0 0 20 20
gamess_triazolium_25652 gamess_triazolium/25652 0 0 20 20
gamess_triazolium_14485 gamess_triazolium/14485 0 0 20 20
gamess_triazolium_151673 gamess_triazolium/151673 0 0 20 20
gamess_triazolium_154894 gamess_triazolium/154894 0 0 20 20
gamess_triazolium_109665 gamess_triazolium/109665 0 0 20 20
gamess_triazolium_193880 gamess_triazolium/193880 0 0 20 20
gamess_triazolium_121985 gamess_triazolium/121985 0 0 20 20
gamess_triazolium_201860 gamess_triazolium/201860 0 0 20 20
gamess_triazolium_5891 gamess_triazolium/5891 0 0 20 20
gamess_triazolium_127682 gamess_triazolium/127682 0 0 20 20
gamess_triazolium_168589 gamess_triazolium/168589 0 0 20 20
gamess_triazolium_177099 gamess_triazolium/177099 0 0 20 20
gamess_triazolium_52813 gamess_triazolium/52813 0 0 20 20
h264ref_foreman.baseline_20222 h264ref_foreman.baseline/20222 0 0 20 20
h264ref_foreman.baseline_19006 h264ref_foreman.baseline/19006 0 0 20 20
h264ref_foreman.baseline_22953 h264ref_foreman.baseline/22953 0 0 20 20
h264ref_foreman.baseline_10070 h264ref_foreman.baseline/10070 0 0 20 20
h264ref_foreman.baseline_20048 h264ref_foreman.baseline/20048 0 0 20 20
h264ref_foreman.baseline_20899 h264ref_foreman.baseline/20899 0 0 20 20
h264ref_foreman.baseline_5042 h264ref_foreman.baseline/5042 0 0 20 20
h264ref_foreman.baseline_1062 h264ref_foreman.baseline/1062 0 0 20 20
h264ref_foreman.baseline_5102 h264ref_foreman.baseline/5102 0 0 20 20
h264ref_foreman.baseline_17931 h264ref_foreman.baseline/17931 0 0 20 20
h264ref_foreman.baseline_15388 h264ref_foreman.baseline/15388 0 0 20 20
h264ref_foreman.baseline_15239 h264ref_foreman.baseline/15239 0 0 20 20
h264ref_foreman.baseline_793 h264ref_foreman.baseline/793 0 0 20 20
h264ref_foreman.baseline_5512 h264ref_foreman.baseline/5512 0 0 20 20
h264ref_foreman.baseline_19911 h264ref_foreman.baseline/19911 0 0 20 20
h264ref_foreman.baseline_369 h264ref_foreman.baseline/369 0 0 20 20
h264ref_foreman.baseline_20138 h264ref_foreman.baseline/20138 0 0 20 20
sjeng_26662 sjeng/26662 0 0 20 20
sjeng_101665 sjeng/101665 0 0 20 20
sjeng_58471 sjeng/58471 0 0 20 20
sjeng_24973 sjeng/24973 0 0 20 20
sjeng_50728 sjeng/50728 0 0 20 20
sjeng_118831 sjeng/118831 0 0 20 20
sjeng_11033 sjeng/11033 0 0 20 20
sjeng_66175 sjeng/66175 0 0 20 20
sjeng_7084 sjeng/7084 0 0 20 20
sjeng_82720 sjeng/82720 0 0 20 20
sjeng_84999 sjeng/84999 0 0 20 20
sjeng_50507 sjeng/50507 0 0 20 20
sjeng_119220 sjeng/119220 0 0 20 20
sjeng_983 sjeng/983 0 0 20 20
gamess_gradient_49593 gamess_gradient/49593 0 0 20 20
gamess_gradient_44593 gamess_gradient/44593 0 0 20 20
gamess_gradient_48192 gamess_gradient/48192 0 0 20 20
gamess_gradient_43599 gamess_gradient/43599 0 0 20 20
gamess_gradient_24982 gamess_gradient/24982 0 0 20 20
gamess_gradient_16223 gamess_gradient/16223 0 0 20 20
gamess_gradient_16156 gamess_gradient/16156 0 0 20 20
gamess_gradient_32473 gamess_gradient/32473 0 0 20 20
gamess_gradient_24975 gamess_gradient/24975 0 0 20 20
gamess_gradient_30179 gamess_gradient/30179 0 0 20 20
gamess_gradient_24692 gamess_gradient/24692 0 0 20 20
gamess_gradient_33957 gamess_gradient/33957 0 0 20 20
gamess_gradient_6989 gamess_gradient/6989 0 0 20 20
gamess_gradient_39862 gamess_gradient/39862 0 0 20 20
gamess_gradient_49973 gamess_gradient/49973 0 0 20 20
gamess_gradient_17726 gamess_gradient/17726 0 0 20 20
gamess_gradient_4796 gamess_gradient/4796 0 0 20 20
gamess_gradient_16837 gamess_gradient/16837 0 0 20 20
gamess_gradient_21717 gamess_gradient/21717 0 0 20 20
gamess_gradient_46374 gamess_gradient/46374 0 0 20 20
gamess_gradient_10637 gamess_gradient/10637 0 0 20 20
gamess_gradient_28819 gamess_gradient/28819 0 0 20 20
gamess_gradient_46540 gamess_gradient/46540 0 0 20 20
bzip2_chicken_728 bzip2_chicken/728 0 0 20 20
bzip2_chicken_4612 bzip2_chicken/4612 0 0 20 20
bzip2_chicken_468 bzip2_chicken/468 0 0 20 20
bzip2_chicken_2780 bzip2_chicken/2780 0 0 20 20
bzip2_chicken_2820 bzip2_chicken/2820 0 0 20 20
bzip2_chicken_262 bzip2_chicken/262 0 0 20 20
bzip2_chicken_6137 bzip2_chicken/6137 0 0 20 20
bzip2_chicken_813 bzip2_chicken/813 0 0 20 20
bzip2_chicken_5093 bzip2_chicken/5093 0 0 20 20
bzip2_chicken_2717 bzip2_chicken/2717 0 0 20 20
bzip2_chicken_929 bzip2_chicken/929 0 0 20 20
bzip2_chicken_6971 bzip2_chicken/6971 0 0 20 20
bzip2_chicken_3610 bzip2_chicken/3610 0 0 20 20
bzip2_chicken_1649 bzip2_chicken/1649 0 0 20 20
bzip2_chicken_4358 bzip2_chicken/4358 0 0 20 20
bzip2_chicken_155 bzip2_chicken/155 0 0 20 20
bzip2_chicken_1429 bzip2_chicken/1429 0 0 20 20
bzip2_chicken_5816 bzip2_chicken/5816 0 0 20 20
bzip2_chicken_3301 bzip2_chicken/3301 0 0 20 20
perlbench_checkspam_21626 perlbench_checkspam/21626 0 0 20 20
perlbench_checkspam_279 perlbench_checkspam/279 0 0 20 20
perlbench_checkspam_36950 perlbench_checkspam/36950 0 0 20 20
perlbench_checkspam_9118 perlbench_checkspam/9118 0 0 20 20
perlbench_checkspam_32626 perlbench_checkspam/32626 0 0 20 20
perlbench_checkspam_40895 perlbench_checkspam/40895 0 0 20 20
perlbench_checkspam_21953 perlbench_checkspam/21953 0 0 20 20
perlbench_checkspam_5170 perlbench_checkspam/5170 0 0 20 20
perlbench_checkspam_24373 perlbench_checkspam/24373 0 0 20 20
perlbench_checkspam_24350 perlbench_checkspam/24350 0 0 20 20
perlbench_checkspam_25976 perlbench_checkspam/25976 0 0 20 20
perlbench_checkspam_1495 perlbench_checkspam/1495 0 0 20 20
perlbench_checkspam_23592 perlbench_checkspam/23592 0 0 20 20
perlbench_checkspam_45571 perlbench_checkspam/45571 0 0 20 20
perlbench_checkspam_47387 perlbench_checkspam/47387 0 0 20 20
perlbench_checkspam_31059 perlbench_checkspam/31059 0 0 20 20
perlbench_checkspam_20915 perlbench_checkspam/20915 0 0 20 20
gobmk_trevord_7593 gobmk_trevord/7593 0 0 20 20
gobmk_trevord_4165 gobmk_trevord/4165 0 0 20 20
gobmk_trevord_13978 gobmk_trevord/13978 0 0 20 20
gobmk_trevord_5970 gobmk_trevord/5970 0 0 20 20
gobmk_trevord_13285 gobmk_trevord/13285 0 0 20 20
gobmk_trevord_15582 gobmk_trevord/15582 0 0 20 20
gobmk_trevord_2050 gobmk_trevord/2050 0 0 20 20
gobmk_trevord_10532 gobmk_trevord/10532 0 0 20 20
gobmk_trevord_13872 gobmk_trevord/13872 0 0 20 20
gobmk_trevord_12138 gobmk_trevord/12138 0 0 20 20
gobmk_trevord_14638 gobmk_trevord/14638 0 0 20 20
gobmk_trevord_1111 gobmk_trevord/1111 0 0 20 20
gobmk_trevord_1515 gobmk_trevord/1515 0 0 20 20
gobmk_trevord_12670 gobmk_trevord/12670 0 0 20 20
gobmk_trevord_4502 gobmk_trevord/4502 0 0 20 20
gobmk_trevord_7886 gobmk_trevord/7886 0 0 20 20
gobmk_trevord_801 gobmk_trevord/801 0 0 20 20
gobmk_trevord_12004 gobmk_trevord/12004 0 0 20 20
gobmk_trevord_14877 gobmk_trevord/14877 0 0 20 20
gobmk_trevord_9512 gobmk_trevord/9512 0 0 20 20
gobmk_trevord_9037 gobmk_trevord/9037 0 0 20 20
gobmk_trevord_9624 gobmk_trevord/9624 0 0 20 20
gobmk_trevord_8922 gobmk_trevord/8922 0 0 20 20
gcc_g23_6787 gcc_g23/6787 0 0 20 20
gcc_g23_6891 gcc_g23/6891 0 0 20 20
gcc_g23_5801 gcc_g23/5801 0 0 20 20
gcc_g23_6364 gcc_g23/6364 0 0 20 20
gcc_g23_8992 gcc_g23/8992 0 0 20 20
gcc_g23_535 gcc_g23/535 0 0 20 20
gcc_g23_2257 gcc_g23/2257 0 0 20 20
gcc_g23_1770 gcc_g23/1770 0 0 20 20
gcc_g23_1841 gcc_g23/1841 0 0 20 20
gcc_g23_2461 gcc_g23/2461 0 0 20 20
gcc_g23_6852 gcc_g23/6852 0 0 20 20
gcc_g23_3901 gcc_g23/3901 0 0 20 20
gcc_g23_1442 gcc_g23/1442 0 0 20 20
gcc_g23_3559 gcc_g23/3559 0 0 20 20
gcc_g23_8920 gcc_g23/8920 0 0 20 20
gcc_g23_4059 gcc_g23/4059 0 0 20 20
gcc_g23_7011 gcc_g23/7011 0 0 20 20
gcc_g23_5211 gcc_g23/5211 0 0 20 20
gcc_166_1237 gcc_166/1237 0 0 20 20
gcc_166_2569 gcc_166/2569 0 0 20 20
gcc_166_2042 gcc_166/2042 0 0 20 20
gcc_166_3512 gcc_166/3512 0 0 20 20
gcc_166_1817 gcc_166/1817 0 0 20 20
gcc_166_147 gcc_166/147 0 0 20 20
gcc_166_1361 gcc_166/1361 0 0 20 20
gcc_166_23 gcc_166/23 0 0 20 20
gcc_166_2274 gcc_166/2274 0 0 20 20
gcc_166_2766 gcc_166/2766 0 0 20 20
gcc_166_1055 gcc_166/1055 0 0 20 20
gcc_166_3354 gcc_166/3354 0 0 20 20
gcc_166_3117 gcc_166/3117 0 0 20 20
gcc_166_1475 gcc_166/1475 0 0 20 20
gcc_166_1894 gcc_166/1894 0 0 20 20
gcc_166_83 gcc_166/83 0 0 20 20
gcc_166_3336 gcc_166/3336 0 0 20 20
gcc_166_1510 gcc_166/1510 0 0 20 20
gcc_166_219 gcc_166/219 0 0 20 20
libquantum_101164 libquantum/101164 0 0 20 20
libquantum_14430 libquantum/14430 0 0 20 20
libquantum_64624 libquantum/64624 0 0 20 20
libquantum_39228 libquantum/39228 0 0 20 20
libquantum_97821 libquantum/97821 0 0 20 20
libquantum_72640 libquantum/72640 0 0 20 20
libquantum_96240 libquantum/96240 0 0 20 20
libquantum_22269 libquantum/22269 0 0 20 20
libquantum_69779 libquantum/69779 0 0 20 20
libquantum_54695 libquantum/54695 0 0 20 20
libquantum_58444 libquantum/58444 0 0 20 20
libquantum_37989 libquantum/37989 0 0 20 20
libquantum_18943 libquantum/18943 0 0 20 20
libquantum_25990 libquantum/25990 0 0 20 20
libquantum_100346 libquantum/100346 0 0 20 20
libquantum_98457 libquantum/98457 0 0 20 20
libquantum_67297 libquantum/67297 0 0 20 20
libquantum_15361 libquantum/15361 0 0 20 20
bzip2_program_1370 bzip2_program/1370 0 0 20 20
bzip2_program_15007 bzip2_program/15007 0 0 20 20
bzip2_program_1766 bzip2_program/1766 0 0 20 20
bzip2_program_5583 bzip2_program/5583 0 0 20 20
bzip2_program_16298 bzip2_program/16298 0 0 20 20
bzip2_program_2586 bzip2_program/2586 0 0 20 20
bzip2_program_15416 bzip2_program/15416 0 0 20 20
bzip2_program_9160 bzip2_program/9160 0 0 20 20
bzip2_program_1805 bzip2_program/1805 0 0 20 20
bzip2_program_26044 bzip2_program/26044 0 0 20 20
bzip2_program_16771 bzip2_program/16771 0 0 20 20
bzip2_program_1151 bzip2_program/1151 0 0 20 20
bzip2_program_9704 bzip2_program/9704 0 0 20 20
bzip2_program_13476 bzip2_program/13476 0 0 20 20
bzip2_program_10605 bzip2_program/10605 0 0 20 20
bzip2_program_15920 bzip2_program/15920 0 0 20 20
bzip2_program_18343 bzip2_program/18343 0 0 20 20
bzip2_program_17513 bzip2_program/17513 0 0 20 20
bzip2_program_15315 bzip2_program/15315 0 0 20 20
bzip2_program_19673 bzip2_program/19673 0 0 20 20
bzip2_program_6129 bzip2_program/6129 0 0 20 20
leslie3d_60675 leslie3d/60675 0 0 20 20
leslie3d_88642 leslie3d/88642 0 0 20 20
leslie3d_82902 leslie3d/82902 0 0 20 20
leslie3d_46949 leslie3d/46949 0 0 20 20
leslie3d_91481 leslie3d/91481 0 0 20 20
leslie3d_80645 leslie3d/80645 0 0 20 20
leslie3d_49043 leslie3d/49043 0 0 20 20
leslie3d_2 leslie3d/2 0 0 20 20
leslie3d_4005 leslie3d/4005 0 0 20 20
leslie3d_57782 leslie3d/57782 0 0 20 20
leslie3d_68218 leslie3d/68218 0 0 20 20
leslie3d_51437 leslie3d/51437 0 0 20 20
leslie3d_52116 leslie3d/52116 0 0 20 20
leslie3d_68292 leslie3d/68292 0 0 20 20
leslie3d_88834 leslie3d/88834 0 0 20 20
leslie3d_68289 leslie3d/68289 0 0 20 20
leslie3d_53625 leslie3d/53625 0 0 20 20
leslie3d_34988 leslie3d/34988 0 0 20 20
leslie3d_63638 leslie3d/63638 0 0 20 20
leslie3d_71464 leslie3d/71464 0 0 20 20
leslie3d_77463 leslie3d/77463 0 0 20 20
leslie3d_64597 leslie3d/64597 0 0 20 20
leslie3d_58382 leslie3d/58382 0 0 20 20
leslie3d_42369 leslie3d/42369 0 0 20 20
leslie3d_82941 leslie3d/82941 0 0 20 20
leslie3d_4360 leslie3d/4360 0 0 20 20
wrf_65247 wrf/65247 0 0 20 20
wrf_153177 wrf/153177 0 0 20 20
wrf_123545 wrf/123545 0 0 20 20
wrf_13566 wrf/13566 0 0 20 20
wrf_90729 wrf/90729 0 0 20 20
wrf_111663 wrf/111663 0 0 20 20
wrf_71146 wrf/71146 0 0 20 20
wrf_60515 wrf/60515 0 0 20 20
wrf_698 wrf/698 0 0 20 20
wrf_69989 wrf/69989 0 0 20 20
wrf_125157 wrf/125157 0 0 20 20
wrf_2166 wrf/2166 0 0 20 20
wrf_79572 wrf/79572 0 0 20 20
wrf_102864 wrf/102864 0 0 20 20
wrf_145049 wrf/145049 0 0 20 20
wrf_54845 wrf/54845 0 0 20 20
wrf_35600 wrf/35600 0 0 20 20
wrf_142507 wrf/142507 0 0 20 20
wrf_52263 wrf/52263 0 0 20 20
wrf_127235 wrf/127235 0 0 20 20
wrf_142584 wrf/142584 0 0 20 20
wrf_150025 wrf/150025 0 0 20 20
wrf_99411 wrf/99411 0 0 20 20
wrf_6453 wrf/6453 0 0 20 20
wrf_8021 wrf/8021 0 0 20 20
wrf_87949 wrf/87949 0 0 20 20
bzip2_liberty_8581 bzip2_liberty/8581 0 0 20 20
bzip2_liberty_8902 bzip2_liberty/8902 0 0 20 20
bzip2_liberty_7804 bzip2_liberty/7804 0 0 20 20
bzip2_liberty_2518 bzip2_liberty/2518 0 0 20 20
bzip2_liberty_8542 bzip2_liberty/8542 0 0 20 20
bzip2_liberty_10140 bzip2_liberty/10140 0 0 20 20
bzip2_liberty_4623 bzip2_liberty/4623 0 0 20 20
bzip2_liberty_1415 bzip2_liberty/1415 0 0 20 20
bzip2_liberty_5164 bzip2_liberty/5164 0 0 20 20
bzip2_liberty_6736 bzip2_liberty/6736 0 0 20 20
bzip2_liberty_7636 bzip2_liberty/7636 0 0 20 20
bzip2_liberty_1965 bzip2_liberty/1965 0 0 20 20
bzip2_liberty_1028 bzip2_liberty/1028 0 0 20 20
bzip2_liberty_4495 bzip2_liberty/4495 0 0 20 20
bzip2_liberty_2974 bzip2_liberty/2974 0 0 20 20
bzip2_liberty_8743 bzip2_liberty/8743 0 0 20 20
bzip2_liberty_152 bzip2_liberty/152 0 0 20 20
bzip2_liberty_14837 bzip2_liberty/14837 0 0 20 20
bzip2_liberty_5919 bzip2_liberty/5919 0 0 20 20
bzip2_liberty_8695 bzip2_liberty/8695 0 0 20 20
bzip2_liberty_13631 bzip2_liberty/13631 0 0 20 20
bzip2_liberty_9802 bzip2_liberty/9802 0 0 20 20
namd_78395 namd/78395 0 0 20 20
namd_68716 namd/68716 0 0 20 20
namd_78040 namd/78040 0 0 20 20
namd_17168 namd/17168 0 0 20 20
namd_9327 namd/9327 0 0 20 20
namd_58864 namd/58864 0 0 20 20
namd_7984 namd/7984 0 0 20 20
namd_81157 namd/81157 0 0 20 20
namd_29146 namd/29146 0 0 20 20
namd_33064 namd/33064 0 0 20 20
namd_55073 namd/55073 0 0 20 20
namd_41738 namd/41738 0 0 20 20
namd_91272 namd/91272 0 0 20 20
namd_20844 namd/20844 0 0 20 20
namd_16602 namd/16602 0 0 20 20
namd_58329 namd/58329 0 0 20 20
namd_66456 namd/66456 0 0 20 20
namd_13387 namd/13387 0 0 20 20
namd_15635 namd/15635 0 0 20 20
namd_1861 namd/1861 0 0 20 20
namd_68104 namd/68104 0 0 20 20
namd_7165 namd/7165 0 0 20 20
namd_68819 namd/68819 0 0 20 20
namd_86980 namd/86980 0 0 20 20
namd_6460 namd/6460 0 0 20 20
namd_1 namd/1 0 0 20 20
namd_34025 namd/34025 0 0 20 20
namd_6094 namd/6094 0 0 20 20
namd_26010 namd/26010 0 0 20 20
namd_2626 namd/2626 0 0 20 20
hmmer_retro_61874 hmmer_retro/61874 0 0 20 20
hmmer_retro_8977 hmmer_retro/8977 0 0 20 20
hmmer_retro_68306 hmmer_retro/68306 0 0 20 20
hmmer_retro_95209 hmmer_retro/95209 0 0 20 20
hmmer_retro_47447 hmmer_retro/47447 0 0 20 20
hmmer_retro_80018 hmmer_retro/80018 0 0 20 20
hmmer_retro_37583 hmmer_retro/37583 0 0 20 20
hmmer_retro_68512 hmmer_retro/68512 0 0 20 20
hmmer_retro_67522 hmmer_retro/67522 0 0 20 20
hmmer_retro_34987 hmmer_retro/34987 0 0 20 20
hmmer_retro_11434 hmmer_retro/11434 0 0 20 20
hmmer_retro_36287 hmmer_retro/36287 0 0 20 20
hmmer_retro_77093 hmmer_retro/77093 0 0 20 20
hmmer_retro_68389 hmmer_retro/68389 0 0 20 20
hmmer_retro_46374 hmmer_retro/46374 0 0 20 20
hmmer_retro_0 hmmer_retro/0 0 0 20 20
hmmer_retro_25627 hmmer_retro/25627 0 0 20 20
hmmer_retro_12637 hmmer_retro/12637 0 0 20 20
hmmer_retro_2953 hmmer_retro/2953 0 0 20 20
GemsFDTD_71900 GemsFDTD/71900 0 0 20 20
GemsFDTD_24123 GemsFDTD/24123 0 0 20 20
GemsFDTD_42488 GemsFDTD/42488 0 0 20 20
GemsFDTD_6021 GemsFDTD/6021 0 0 20 20
GemsFDTD_18871 GemsFDTD/18871 0 0 20 20
GemsFDTD_37781 GemsFDTD/37781 0 0 20 20
GemsFDTD_28980 GemsFDTD/28980 0 0 20 20
GemsFDTD_9393 GemsFDTD/9393 0 0 20 20
GemsFDTD_19762 GemsFDTD/19762 0 0 20 20
GemsFDTD_42698 GemsFDTD/42698 0 0 20 20
GemsFDTD_39645 GemsFDTD/39645 0 0 20 20
GemsFDTD_59041 GemsFDTD/59041 0 0 20 20
GemsFDTD_46587 GemsFDTD/46587 0 0 20 20
GemsFDTD_4944 GemsFDTD/4944 0 0 20 20
GemsFDTD_10791 GemsFDTD/10791 0 0 20 20
GemsFDTD_12860 GemsFDTD/12860 0 0 20 20
GemsFDTD_28687 GemsFDTD/28687 0 0 20 20
GemsFDTD_6923 GemsFDTD/6923 0 0 20 20
GemsFDTD_42125 GemsFDTD/42125 0 0 20 20
GemsFDTD_39954 GemsFDTD/39954 0 0 20 20
GemsFDTD_75990 GemsFDTD/75990 0 0 20 20
GemsFDTD_76905 GemsFDTD/76905 0 0 20 20
GemsFDTD_2162 GemsFDTD/2162 0 0 20 20
GemsFDTD_30385 GemsFDTD/30385 0 0 20 20
GemsFDTD_24844 GemsFDTD/24844 0 0 20 20
dealII_55586 dealII/55586 0 0 20 20
dealII_15650 dealII/15650 0 0 20 20
dealII_5489 dealII/5489 0 0 20 20
dealII_14902 dealII/14902 0 0 20 20
dealII_23676 dealII/23676 0 0 20 20
dealII_46368 dealII/46368 0 0 20 20
dealII_47577 dealII/47577 0 0 20 20
dealII_2579 dealII/2579 0 0 20 20
dealII_29521 dealII/29521 0 0 20 20
dealII_14830 dealII/14830 0 0 20 20
dealII_6384 dealII/6384 0 0 20 20
dealII_20227 dealII/20227 0 0 20 20
dealII_25719 dealII/25719 0 0 20 20
dealII_1830 dealII/1830 0 0 20 20
dealII_27258 dealII/27258 0 0 20 20
dealII_38315 dealII/38315 0 0 20 20
dealII_49589 dealII/49589 0 0 20 20
dealII_184 dealII/184 0 0 20 20
dealII_3654 dealII/3654 0 0 20 20
dealII_5820 dealII/5820 0 0 20 20
gobmk_13x13_5796 gobmk_13x13/5796 0 0 20 20
gobmk_13x13_7272 gobmk_13x13/7272 0 0 20 20
gobmk_13x13_5819 gobmk_13x13/5819 0 0 20 20
gobmk_13x13_5433 gobmk_13x13/5433 0 0 20 20
gobmk_13x13_2234 gobmk_13x13/2234 0 0 20 20
gobmk_13x13_7194 gobmk_13x13/7194 0 0 20 20
gobmk_13x13_10647 gobmk_13x13/10647 0 0 20 20
gobmk_13x13_851 gobmk_13x13/851 0 0 20 20
gobmk_13x13_6566 gobmk_13x13/6566 0 0 20 20
gobmk_13x13_4280 gobmk_13x13/4280 0 0 20 20
gobmk_13x13_9907 gobmk_13x13/9907 0 0 20 20
gobmk_13x13_8166 gobmk_13x13/8166 0 0 20 20
gobmk_13x13_557 gobmk_13x13/557 0 0 20 20
gobmk_13x13_6366 gobmk_13x13/6366 0 0 20 20
gobmk_13x13_865 gobmk_13x13/865 0 0 20 20
gobmk_13x13_8061 gobmk_13x13/8061 0 0 20 20
gobmk_13x13_8294 gobmk_13x13/8294 0 0 20 20
gobmk_13x13_8199 gobmk_13x13/8199 0 0 20 20
gobmk_13x13_10740 gobmk_13x13/10740 0 0 20 20
gobmk_13x13_6530 gobmk_13x13/6530 0 0 20 20
gobmk_13x13_4038 gobmk_13x13/4038 0 0 20 20
gobmk_13x13_8357 gobmk_13x13/8357 0 0 20 20
lbm_42866 lbm/42866 0 0 20 20
lbm_4578 lbm/4578 0 0 20 20
lbm_31633 lbm/31633 0 0 20 20
lbm_905 lbm/905 0 0 20 20
lbm_37647 lbm/37647 0 0 20 20
lbm_5 lbm/5 0 0 20 20
lbm_12578 lbm/12578 0 0 20 20
lbm_49457 lbm/49457 0 0 20 20
lbm_7139 lbm/7139 0 0 20 20
lbm_42222 lbm/42222 0 0 20 20
lbm_56543 lbm/56543 0 0 20 20
lbm_38544 lbm/38544 0 0 20 20
h264ref_sss_171830 h264ref_sss/171830 0 0 20 20
h264ref_sss_62882 h264ref_sss/62882 0 0 20 20
h264ref_sss_13382 h264ref_sss/13382 0 0 20 20
h264ref_sss_27815 h264ref_sss/27815 0 0 20 20
h264ref_sss_5682 h264ref_sss/5682 0 0 20 20
h264ref_sss_116918 h264ref_sss/116918 0 0 20 20
h264ref_sss_13378 h264ref_sss/13378 0 0 20 20
h264ref_sss_123456 h264ref_sss/123456 0 0 20 20
h264ref_sss_99213 h264ref_sss/99213 0 0 20 20
h264ref_sss_94143 h264ref_sss/94143 0 0 20 20
h264ref_sss_13369 h264ref_sss/13369 0 0 20 20
h264ref_sss_9170 h264ref_sss/9170 0 0 20 20
h264ref_sss_82971 h264ref_sss/82971 0 0 20 20
h264ref_sss_23954 h264ref_sss/23954 0 0 20 20
h264ref_sss_113280 h264ref_sss/113280 0 0 20 20
h264ref_sss_184465 h264ref_sss/184465 0 0 20 20
h264ref_sss_109686 h264ref_sss/109686 0 0 20 20
h264ref_sss_60813 h264ref_sss/60813 0 0 20 20
