x264_seek_17240 x264_seek/17240 0 0 20 20
x264_seek_57008 x264_seek/57008 0 0 20 20
x264_seek_21744 x264_seek/21744 0 0 20 20
x264_seek_78508 x264_seek/78508 0 0 20 20
x264_seek_46595 x264_seek/46595 0 0 20 20
x264_seek_36070 x264_seek/36070 0 0 20 20
x264_seek_25973 x264_seek/25973 0 0 20 20
x264_seek_47691 x264_seek/47691 0 0 20 20
x264_seek_5790 x264_seek/5790 0 0 20 20
x264_seek_2508 x264_seek/2508 0 0 20 20
x264_seek_66130 x264_seek/66130 0 0 20 20
x264_seek_53983 x264_seek/53983 0 0 20 20
x264_seek_243 x264_seek/243 0 0 20 20
x264_seek_50989 x264_seek/50989 0 0 20 20
x264_seek_28604 x264_seek/28604 0 0 20 20
x264_seek_7425 x264_seek/7425 0 0 20 20
x264_seek_61013 x264_seek/61013 0 0 20 20
x264_seek_633 x264_seek/633 0 0 20 20
x264_seek_47978 x264_seek/47978 0 0 20 20
omnetpp_26268 omnetpp/26268 0 0 20 20
omnetpp_54173 omnetpp/54173 0 0 20 20
omnetpp_6006 omnetpp/6006 0 0 20 20
omnetpp_54138 omnetpp/54138 0 0 20 20
omnetpp_15924 omnetpp/15924 0 0 20 20
omnetpp_47350 omnetpp/47350 0 0 20 20
omnetpp_8695 omnetpp/8695 0 0 20 20
omnetpp_45951 omnetpp/45951 0 0 20 20
omnetpp_1756 omnetpp/1756 0 0 20 20
cactuBSSN_12430 cactuBSSN/12430 0 0 20 20
cactuBSSN_108951 cactuBSSN/108951 0 0 20 20
cactuBSSN_76062 cactuBSSN/76062 0 0 20 20
cactuBSSN_60341 cactuBSSN/60341 0 0 20 20
cactuBSSN_85 cactuBSSN/85 0 0 20 20
cactuBSSN_2057 cactuBSSN/2057 0 0 20 20
cactuBSSN_103373 cactuBSSN/103373 0 0 20 20
cactuBSSN_113742 cactuBSSN/113742 0 0 20 20
cactuBSSN_9708 cactuBSSN/9708 0 0 20 20
cactuBSSN_91148 cactuBSSN/91148 0 0 20 20
cactuBSSN_1956 cactuBSSN/1956 0 0 20 20
cactuBSSN_126368 cactuBSSN/126368 0 0 20 20
cactuBSSN_145531 cactuBSSN/145531 0 0 20 20
cactuBSSN_151336 cactuBSSN/151336 0 0 20 20
cactuBSSN_12445 cactuBSSN/12445 0 0 20 20
cactuBSSN_28183 cactuBSSN/28183 0 0 20 20
cactuBSSN_98657 cactuBSSN/98657 0 0 20 20
cactuBSSN_21746 cactuBSSN/21746 0 0 20 20
cactuBSSN_20280 cactuBSSN/20280 0 0 20 20
cactuBSSN_23392 cactuBSSN/23392 0 0 20 20
deepsjeng_38766 deepsjeng/38766 0 0 20 20
deepsjeng_15901 deepsjeng/15901 0 0 20 20
deepsjeng_59071 deepsjeng/59071 0 0 20 20
deepsjeng_27712 deepsjeng/27712 0 0 20 20
deepsjeng_76185 deepsjeng/76185 0 0 20 20
deepsjeng_77439 deepsjeng/77439 0 0 20 20
deepsjeng_91603 deepsjeng/91603 0 0 20 20
deepsjeng_3639 deepsjeng/3639 0 0 20 20
deepsjeng_1713 deepsjeng/1713 0 0 20 20
deepsjeng_87926 deepsjeng/87926 0 0 20 20
deepsjeng_62548 deepsjeng/62548 0 0 20 20
deepsjeng_8250 deepsjeng/8250 0 0 20 20
deepsjeng_49403 deepsjeng/49403 0 0 20 20
deepsjeng_95635 deepsjeng/95635 0 0 20 20
deepsjeng_55331 deepsjeng/55331 0 0 20 20
deepsjeng_27617 deepsjeng/27617 0 0 20 20
deepsjeng_26477 deepsjeng/26477 0 0 20 20
deepsjeng_50322 deepsjeng/50322 0 0 20 20
deepsjeng_64793 deepsjeng/64793 0 0 20 20
deepsjeng_50450 deepsjeng/50450 0 0 20 20
deepsjeng_16689 deepsjeng/16689 0 0 20 20
deepsjeng_15989 deepsjeng/15989 0 0 20 20
deepsjeng_32494 deepsjeng/32494 0 0 20 20
blender_20552 blender/20552 0 0 20 20
blender_79117 blender/79117 0 0 20 20
blender_38279 blender/38279 0 0 20 20
blender_32101 blender/32101 0 0 20 20
blender_36085 blender/36085 0 0 20 20
blender_7195 blender/7195 0 0 20 20
blender_26659 blender/26659 0 0 20 20
blender_90705 blender/90705 0 0 20 20
blender_87932 blender/87932 0 0 20 20
blender_15047 blender/15047 0 0 20 20
blender_74867 blender/74867 0 0 20 20
blender_26260 blender/26260 0 0 20 20
blender_4908 blender/4908 0 0 20 20
blender_35027 blender/35027 0 0 20 20
blender_8707 blender/8707 0 0 20 20
blender_310 blender/310 0 0 20 20
bwaves_3_30517 bwaves_3/30517 0 0 20 20
bwaves_3_11870 bwaves_3/11870 0 0 20 20
bwaves_3_19182 bwaves_3/19182 0 0 20 20
bwaves_3_27236 bwaves_3/27236 0 0 20 20
bwaves_3_29056 bwaves_3/29056 0 0 20 20
bwaves_3_9861 bwaves_3/9861 0 0 20 20
bwaves_3_23031 bwaves_3/23031 0 0 20 20
bwaves_3_13803 bwaves_3/13803 0 0 20 20
bwaves_3_30357 bwaves_3/30357 0 0 20 20
bwaves_3_11464 bwaves_3/11464 0 0 20 20
bwaves_3_15714 bwaves_3/15714 0 0 20 20
bwaves_3_27479 bwaves_3/27479 0 0 20 20
bwaves_3_17633 bwaves_3/17633 0 0 20 20
bwaves_3_1588 bwaves_3/1588 0 0 20 20
bwaves_3_18565 bwaves_3/18565 0 0 20 20
bwaves_3_9549 bwaves_3/9549 0 0 20 20
bwaves_3_25871 bwaves_3/25871 0 0 20 20
bwaves_3_24236 bwaves_3/24236 0 0 20 20
bwaves_3_22160 bwaves_3/22160 0 0 20 20
bwaves_3_17616 bwaves_3/17616 0 0 20 20
bwaves_3_1879 bwaves_3/1879 0 0 20 20
bwaves_3_22785 bwaves_3/22785 0 0 20 20
perlbench_split_32081 perlbench_split/32081 0 0 20 20
perlbench_split_34099 perlbench_split/34099 0 0 20 20
perlbench_split_35298 perlbench_split/35298 0 0 20 20
perlbench_split_18161 perlbench_split/18161 0 0 20 20
perlbench_split_12210 perlbench_split/12210 0 0 20 20
perlbench_split_34046 perlbench_split/34046 0 0 20 20
perlbench_split_25247 perlbench_split/25247 0 0 20 20
gcc_pp_O2_4527 gcc_pp_O2/4527 0 0 20 20
gcc_pp_O2_3603 gcc_pp_O2/3603 0 0 20 20
gcc_pp_O2_3567 gcc_pp_O2/3567 0 0 20 20
gcc_pp_O2_5363 gcc_pp_O2/5363 0 0 20 20
gcc_pp_O2_6699 gcc_pp_O2/6699 0 0 20 20
gcc_pp_O2_5596 gcc_pp_O2/5596 0 0 20 20
gcc_pp_O2_226 gcc_pp_O2/226 0 0 20 20
gcc_pp_O2_2211 gcc_pp_O2/2211 0 0 20 20
gcc_pp_O2_11478 gcc_pp_O2/11478 0 0 20 20
gcc_pp_O2_3916 gcc_pp_O2/3916 0 0 20 20
gcc_pp_O2_639 gcc_pp_O2/639 0 0 20 20
gcc_pp_O2_2840 gcc_pp_O2/2840 0 0 20 20
gcc_pp_O2_11899 gcc_pp_O2/11899 0 0 20 20
gcc_pp_O2_9763 gcc_pp_O2/9763 0 0 20 20
gcc_pp_O2_7922 gcc_pp_O2/7922 0 0 20 20
gcc_pp_O2_6667 gcc_pp_O2/6667 0 0 20 20
gcc_pp_O2_557 gcc_pp_O2/557 0 0 20 20
gcc_pp_O2_2928 gcc_pp_O2/2928 0 0 20 20
gcc_pp_O2_2725 gcc_pp_O2/2725 0 0 20 20
gcc_pp_O2_11685 gcc_pp_O2/11685 0 0 20 20
gcc_pp_O2_6642 gcc_pp_O2/6642 0 0 20 20
gcc_pp_O2_3936 gcc_pp_O2/3936 0 0 20 20
nab_60975 nab/60975 0 0 20 20
nab_83932 nab/83932 0 0 20 20
nab_83849 nab/83849 0 0 20 20
nab_83139 nab/83139 0 0 20 20
nab_72445 nab/72445 0 0 20 20
nab_88846 nab/88846 0 0 20 20
nab_15547 nab/15547 0 0 20 20
nab_3587 nab/3587 0 0 20 20
nab_41977 nab/41977 0 0 20 20
nab_9471 nab/9471 0 0 20 20
nab_44973 nab/44973 0 0 20 20
nab_68912 nab/68912 0 0 20 20
nab_80975 nab/80975 0 0 20 20
nab_86765 nab/86765 0 0 20 20
nab_64253 nab/64253 0 0 20 20
nab_70736 nab/70736 0 0 20 20
nab_52211 nab/52211 0 0 20 20
roms_92892 roms/92892 0 0 20 20
roms_14979 roms/14979 0 0 20 20
roms_21722 roms/21722 0 0 20 20
roms_115425 roms/115425 0 0 20 20
roms_8650 roms/8650 0 0 20 20
roms_82455 roms/82455 0 0 20 20
roms_61999 roms/61999 0 0 20 20
roms_95078 roms/95078 0 0 20 20
roms_107796 roms/107796 0 0 20 20
roms_108629 roms/108629 0 0 20 20
roms_2251 roms/2251 0 0 20 20
roms_48883 roms/48883 0 0 20 20
roms_65626 roms/65626 0 0 20 20
roms_63824 roms/63824 0 0 20 20
roms_8775 roms/8775 0 0 20 20
roms_68655 roms/68655 0 0 20 20
roms_13188 roms/13188 0 0 20 20
roms_20014 roms/20014 0 0 20 20
roms_1066 roms/1066 0 0 20 20
roms_103282 roms/103282 0 0 20 20
roms_74722 roms/74722 0 0 20 20
roms_27284 roms/27284 0 0 20 20
roms_103492 roms/103492 0 0 20 20
roms_101818 roms/101818 0 0 20 20
roms_36933 roms/36933 0 0 20 20
roms_124252 roms/124252 0 0 20 20
roms_70162 roms/70162 0 0 20 20
fotonik3d_104694 fotonik3d/104694 0 0 20 20
fotonik3d_34220 fotonik3d/34220 0 0 20 20
fotonik3d_113205 fotonik3d/113205 0 0 20 20
fotonik3d_52128 fotonik3d/52128 0 0 20 20
fotonik3d_72146 fotonik3d/72146 0 0 20 20
fotonik3d_37236 fotonik3d/37236 0 0 20 20
fotonik3d_32745 fotonik3d/32745 0 0 20 20
fotonik3d_20924 fotonik3d/20924 0 0 20 20
fotonik3d_6063 fotonik3d/6063 0 0 20 20
fotonik3d_59247 fotonik3d/59247 0 0 20 20
fotonik3d_81506 fotonik3d/81506 0 0 20 20
fotonik3d_65220 fotonik3d/65220 0 0 20 20
fotonik3d_3 fotonik3d/3 0 0 20 20
fotonik3d_26271 fotonik3d/26271 0 0 20 20
fotonik3d_18806 fotonik3d/18806 0 0 20 20
fotonik3d_78643 fotonik3d/78643 0 0 20 20
fotonik3d_90137 fotonik3d/90137 0 0 20 20
fotonik3d_120090 fotonik3d/120090 0 0 20 20
fotonik3d_82810 fotonik3d/82810 0 0 20 20
fotonik3d_117745 fotonik3d/117745 0 0 20 20
xalancbmk_3364 xalancbmk/3364 0 0 20 20
xalancbmk_48192 xalancbmk/48192 0 0 20 20
xalancbmk_23970 xalancbmk/23970 0 0 20 20
xalancbmk_30077 xalancbmk/30077 0 0 20 20
xalancbmk_60344 xalancbmk/60344 0 0 20 20
xalancbmk_23850 xalancbmk/23850 0 0 20 20
xalancbmk_28943 xalancbmk/28943 0 0 20 20
xalancbmk_27296 xalancbmk/27296 0 0 20 20
xalancbmk_62137 xalancbmk/62137 0 0 20 20
xalancbmk_37750 xalancbmk/37750 0 0 20 20
xalancbmk_23098 xalancbmk/23098 0 0 20 20
xalancbmk_40600 xalancbmk/40600 0 0 20 20
xalancbmk_53478 xalancbmk/53478 0 0 20 20
xalancbmk_35845 xalancbmk/35845 0 0 20 20
xalancbmk_21135 xalancbmk/21135 0 0 20 20
xalancbmk_15168 xalancbmk/15168 0 0 20 20
xalancbmk_4709 xalancbmk/4709 0 0 20 20
xalancbmk_57055 xalancbmk/57055 0 0 20 20
xalancbmk_9584 xalancbmk/9584 0 0 20 20
xalancbmk_11767 xalancbmk/11767 0 0 20 20
xalancbmk_19263 xalancbmk/19263 0 0 20 20
xalancbmk_452 xalancbmk/452 0 0 20 20
xalancbmk_40921 xalancbmk/40921 0 0 20 20
xalancbmk_55784 xalancbmk/55784 0 0 20 20
xalancbmk_23454 xalancbmk/23454 0 0 20 20
xalancbmk_26568 xalancbmk/26568 0 0 20 20
xalancbmk_1888 xalancbmk/1888 0 0 20 20
xalancbmk_36559 xalancbmk/36559 0 0 20 20
xalancbmk_37570 xalancbmk/37570 0 0 20 20
xalancbmk_23635 xalancbmk/23635 0 0 20 20
xalancbmk_15225 xalancbmk/15225 0 0 20 20
xalancbmk_63856 xalancbmk/63856 0 0 20 20
xalancbmk_27894 xalancbmk/27894 0 0 20 20
xalancbmk_49960 xalancbmk/49960 0 0 20 20
xalancbmk_54 xalancbmk/54 0 0 20 20
xalancbmk_50232 xalancbmk/50232 0 0 20 20
xalancbmk_34201 xalancbmk/34201 0 0 20 20
xalancbmk_43861 xalancbmk/43861 0 0 20 20
xalancbmk_18728 xalancbmk/18728 0 0 20 20
xalancbmk_57744 xalancbmk/57744 0 0 20 20
xalancbmk_28147 xalancbmk/28147 0 0 20 20
xalancbmk_29349 xalancbmk/29349 0 0 20 20
xalancbmk_39215 xalancbmk/39215 0 0 20 20
xalancbmk_56295 xalancbmk/56295 0 0 20 20
xalancbmk_55647 xalancbmk/55647 0 0 20 20
xalancbmk_46716 xalancbmk/46716 0 0 20 20
xalancbmk_63560 xalancbmk/63560 0 0 20 20
xalancbmk_18905 xalancbmk/18905 0 0 20 20
xalancbmk_49791 xalancbmk/49791 0 0 20 20
xalancbmk_54668 xalancbmk/54668 0 0 20 20
exchange2_84409 exchange2/84409 0 0 20 20
exchange2_39356 exchange2/39356 0 0 20 20
exchange2_25805 exchange2/25805 0 0 20 20
exchange2_14424 exchange2/14424 0 0 20 20
exchange2_49616 exchange2/49616 0 0 20 20
exchange2_41281 exchange2/41281 0 0 20 20
exchange2_48853 exchange2/48853 0 0 20 20
exchange2_99028 exchange2/99028 0 0 20 20
exchange2_39075 exchange2/39075 0 0 20 20
exchange2_74607 exchange2/74607 0 0 20 20
exchange2_50937 exchange2/50937 0 0 20 20
exchange2_93943 exchange2/93943 0 0 20 20
exchange2_36415 exchange2/36415 0 0 20 20
exchange2_64549 exchange2/64549 0 0 20 20
exchange2_61415 exchange2/61415 0 0 20 20
exchange2_63525 exchange2/63525 0 0 20 20
imagick_89647 imagick/89647 0 0 20 20
imagick_116225 imagick/116225 0 0 20 20
imagick_24208 imagick/24208 0 0 20 20
imagick_30086 imagick/30086 0 0 20 20
imagick_201477 imagick/201477 0 0 20 20
gcc_ref32_O3_1167 gcc_ref32_O3/1167 0 0 20 20
gcc_ref32_O3_10448 gcc_ref32_O3/10448 0 0 20 20
gcc_ref32_O3_211 gcc_ref32_O3/211 0 0 20 20
gcc_ref32_O3_7890 gcc_ref32_O3/7890 0 0 20 20
gcc_ref32_O3_5016 gcc_ref32_O3/5016 0 0 20 20
gcc_ref32_O3_11643 gcc_ref32_O3/11643 0 0 20 20
gcc_ref32_O3_9805 gcc_ref32_O3/9805 0 0 20 20
gcc_ref32_O3_3683 gcc_ref32_O3/3683 0 0 20 20
gcc_ref32_O3_8684 gcc_ref32_O3/8684 0 0 20 20
gcc_ref32_O3_10326 gcc_ref32_O3/10326 0 0 20 20
gcc_ref32_O3_966 gcc_ref32_O3/966 0 0 20 20
gcc_ref32_O3_2811 gcc_ref32_O3/2811 0 0 20 20
gcc_ref32_O3_9462 gcc_ref32_O3/9462 0 0 20 20
gcc_ref32_O3_629 gcc_ref32_O3/629 0 0 20 20
gcc_ref32_O3_3695 gcc_ref32_O3/3695 0 0 20 20
gcc_ref32_O3_785 gcc_ref32_O3/785 0 0 20 20
gcc_ref32_O3_9945 gcc_ref32_O3/9945 0 0 20 20
gcc_ref32_O3_460 gcc_ref32_O3/460 0 0 20 20
gcc_ref32_O3_15248 gcc_ref32_O3/15248 0 0 20 20
gcc_ref32_O3_6940 gcc_ref32_O3/6940 0 0 20 20
gcc_ref32_O3_14127 gcc_ref32_O3/14127 0 0 20 20
gcc_ref32_O3_9767 gcc_ref32_O3/9767 0 0 20 20
gcc_ref32_O3_970 gcc_ref32_O3/970 0 0 20 20
bwaves_4_35307 bwaves_4/35307 0 0 20 20
bwaves_4_34805 bwaves_4/34805 0 0 20 20
bwaves_4_23788 bwaves_4/23788 0 0 20 20
bwaves_4_483 bwaves_4/483 0 0 20 20
bwaves_4_13742 bwaves_4/13742 0 0 20 20
bwaves_4_16055 bwaves_4/16055 0 0 20 20
bwaves_4_36678 bwaves_4/36678 0 0 20 20
bwaves_4_12002 bwaves_4/12002 0 0 20 20
bwaves_4_22105 bwaves_4/22105 0 0 20 20
bwaves_4_25197 bwaves_4/25197 0 0 20 20
bwaves_4_7927 bwaves_4/7927 0 0 20 20
bwaves_4_30164 bwaves_4/30164 0 0 20 20
bwaves_4_33331 bwaves_4/33331 0 0 20 20
bwaves_4_11091 bwaves_4/11091 0 0 20 20
bwaves_4_34910 bwaves_4/34910 0 0 20 20
bwaves_4_5045 bwaves_4/5045 0 0 20 20
bwaves_4_72 bwaves_4/72 0 0 20 20
bwaves_4_35509 bwaves_4/35509 0 0 20 20
bwaves_4_10679 bwaves_4/10679 0 0 20 20
bwaves_4_9570 bwaves_4/9570 0 0 20 20
bwaves_4_21542 bwaves_4/21542 0 0 20 20
cam4_8324 cam4/8324 0 0 20 20
cam4_355 cam4/355 0 0 20 20
cam4_94548 cam4/94548 0 0 20 20
cam4_94561 cam4/94561 0 0 20 20
cam4_27108 cam4/27108 0 0 20 20
cam4_104952 cam4/104952 0 0 20 20
cam4_79348 cam4/79348 0 0 20 20
cam4_16334 cam4/16334 0 0 20 20
cam4_23302 cam4/23302 0 0 20 20
cam4_95156 cam4/95156 0 0 20 20
cam4_91867 cam4/91867 0 0 20 20
cam4_36831 cam4/36831 0 0 20 20
cam4_69561 cam4/69561 0 0 20 20
cam4_102770 cam4/102770 0 0 20 20
cam4_96325 cam4/96325 0 0 20 20
cam4_117292 cam4/117292 0 0 20 20
cam4_95175 cam4/95175 0 0 20 20
cam4_25778 cam4/25778 0 0 20 20
cam4_53296 cam4/53296 0 0 20 20
cam4_3607 cam4/3607 0 0 20 20
cam4_84052 cam4/84052 0 0 20 20
cam4_117092 cam4/117092 0 0 20 20
x264_pass1_9507 x264_pass1/9507 0 0 20 20
x264_pass1_6497 x264_pass1/6497 0 0 20 20
x264_pass1_7090 x264_pass1/7090 0 0 20 20
x264_pass1_7547 x264_pass1/7547 0 0 20 20
x264_pass1_6650 x264_pass1/6650 0 0 20 20
x264_pass1_17387 x264_pass1/17387 0 0 20 20
x264_pass1_1457 x264_pass1/1457 0 0 20 20
x264_pass1_18036 x264_pass1/18036 0 0 20 20
x264_pass1_18013 x264_pass1/18013 0 0 20 20
x264_pass1_7477 x264_pass1/7477 0 0 20 20
x264_pass1_5712 x264_pass1/5712 0 0 20 20
x264_pass1_25617 x264_pass1/25617 0 0 20 20
x264_pass1_24460 x264_pass1/24460 0 0 20 20
x264_pass1_5989 x264_pass1/5989 0 0 20 20
x264_pass1_9114 x264_pass1/9114 0 0 20 20
x264_pass1_8168 x264_pass1/8168 0 0 20 20
x264_pass1_1018 x264_pass1/1018 0 0 20 20
x264_pass1_3863 x264_pass1/3863 0 0 20 20
x264_pass1_18114 x264_pass1/18114 0 0 20 20
x264_pass1_25449 x264_pass1/25449 0 0 20 20
povray_11785 povray/11785 0 0 20 20
povray_16841 povray/16841 0 0 20 20
povray_5151 povray/5151 0 0 20 20
povray_79467 povray/79467 0 0 20 20
povray_110090 povray/110090 0 0 20 20
povray_14707 povray/14707 0 0 20 20
povray_32428 povray/32428 0 0 20 20
povray_174411 povray/174411 0 0 20 20
povray_139463 povray/139463 0 0 20 20
povray_55384 povray/55384 0 0 20 20
povray_87118 povray/87118 0 0 20 20
povray_147029 povray/147029 0 0 20 20
povray_90990 povray/90990 0 0 20 20
povray_18287 povray/18287 0 0 20 20
povray_14855 povray/14855 0 0 20 20
povray_159809 povray/159809 0 0 20 20
povray_54213 povray/54213 0 0 20 20
povray_63856 povray/63856 0 0 20 20
povray_121858 povray/121858 0 0 20 20
povray_143234 povray/143234 0 0 20 20
povray_176923 povray/176923 0 0 20 20
gcc_ref32_O5_4057 gcc_ref32_O5/4057 0 0 20 20
gcc_ref32_O5_5680 gcc_ref32_O5/5680 0 0 20 20
gcc_ref32_O5_4875 gcc_ref32_O5/4875 0 0 20 20
gcc_ref32_O5_8413 gcc_ref32_O5/8413 0 0 20 20
gcc_ref32_O5_1057 gcc_ref32_O5/1057 0 0 20 20
gcc_ref32_O5_6773 gcc_ref32_O5/6773 0 0 20 20
gcc_ref32_O5_1026 gcc_ref32_O5/1026 0 0 20 20
gcc_ref32_O5_3956 gcc_ref32_O5/3956 0 0 20 20
gcc_ref32_O5_7697 gcc_ref32_O5/7697 0 0 20 20
gcc_ref32_O5_3286 gcc_ref32_O5/3286 0 0 20 20
gcc_ref32_O5_954 gcc_ref32_O5/954 0 0 20 20
gcc_ref32_O5_1052 gcc_ref32_O5/1052 0 0 20 20
gcc_ref32_O5_946 gcc_ref32_O5/946 0 0 20 20
gcc_ref32_O5_8339 gcc_ref32_O5/8339 0 0 20 20
gcc_ref32_O5_1636 gcc_ref32_O5/1636 0 0 20 20
gcc_ref32_O5_4239 gcc_ref32_O5/4239 0 0 20 20
gcc_ref32_O5_7252 gcc_ref32_O5/7252 0 0 20 20
gcc_ref32_O5_9202 gcc_ref32_O5/9202 0 0 20 20
xz_cpu2006_36874 xz_cpu2006/36874 0 0 20 20
xz_cpu2006_10235 xz_cpu2006/10235 0 0 20 20
xz_cpu2006_5240 xz_cpu2006/5240 0 0 20 20
xz_cpu2006_21516 xz_cpu2006/21516 0 0 20 20
xz_cpu2006_42102 xz_cpu2006/42102 0 0 20 20
xz_cpu2006_46997 xz_cpu2006/46997 0 0 20 20
xz_cpu2006_9748 xz_cpu2006/9748 0 0 20 20
xz_cpu2006_34190 xz_cpu2006/34190 0 0 20 20
xz_cpu2006_17560 xz_cpu2006/17560 0 0 20 20
xz_cpu2006_10720 xz_cpu2006/10720 0 0 20 20
xz_cpu2006_3405 xz_cpu2006/3405 0 0 20 20
xz_cpu2006_36 xz_cpu2006/36 0 0 20 20
xz_cpu2006_1217 xz_cpu2006/1217 0 0 20 20
xz_cpu2006_16765 xz_cpu2006/16765 0 0 20 20
xz_cpu2006_13825 xz_cpu2006/13825 0 0 20 20
xz_cpu2006_3310 xz_cpu2006/3310 0 0 20 20
bwaves_2_21824 bwaves_2/21824 0 0 20 20
bwaves_2_35219 bwaves_2/35219 0 0 20 20
bwaves_2_17819 bwaves_2/17819 0 0 20 20
bwaves_2_15827 bwaves_2/15827 0 0 20 20
bwaves_2_2282 bwaves_2/2282 0 0 20 20
bwaves_2_30705 bwaves_2/30705 0 0 20 20
bwaves_2_820 bwaves_2/820 0 0 20 20
bwaves_2_29785 bwaves_2/29785 0 0 20 20
bwaves_2_29009 bwaves_2/29009 0 0 20 20
bwaves_2_14303 bwaves_2/14303 0 0 20 20
bwaves_2_31772 bwaves_2/31772 0 0 20 20
bwaves_2_22746 bwaves_2/22746 0 0 20 20
bwaves_2_34487 bwaves_2/34487 0 0 20 20
bwaves_2_31757 bwaves_2/31757 0 0 20 20
bwaves_2_27571 bwaves_2/27571 0 0 20 20
bwaves_2_6086 bwaves_2/6086 0 0 20 20
bwaves_2_35395 bwaves_2/35395 0 0 20 20
bwaves_2_33832 bwaves_2/33832 0 0 20 20
bwaves_2_5029 bwaves_2/5029 0 0 20 20
bwaves_2_36733 bwaves_2/36733 0 0 20 20
perlbench_diff_4934 perlbench_diff/4934 0 0 20 20
perlbench_diff_19509 perlbench_diff/19509 0 0 20 20
perlbench_diff_32382 perlbench_diff/32382 0 0 20 20
perlbench_diff_25037 perlbench_diff/25037 0 0 20 20
perlbench_diff_146 perlbench_diff/146 0 0 20 20
perlbench_diff_30563 perlbench_diff/30563 0 0 20 20
perlbench_diff_38473 perlbench_diff/38473 0 0 20 20
perlbench_diff_29740 perlbench_diff/29740 0 0 20 20
perlbench_diff_4914 perlbench_diff/4914 0 0 20 20
perlbench_diff_32774 perlbench_diff/32774 0 0 20 20
perlbench_diff_21756 perlbench_diff/21756 0 0 20 20
leela_29273 leela/29273 0 0 20 20
leela_138980 leela/138980 0 0 20 20
leela_18777 leela/18777 0 0 20 20
leela_139507 leela/139507 0 0 20 20
leela_34508 leela/34508 0 0 20 20
leela_4680 leela/4680 0 0 20 20
leela_101769 leela/101769 0 0 20 20
leela_89862 leela/89862 0 0 20 20
leela_1946 leela/1946 0 0 20 20
leela_120030 leela/120030 0 0 20 20
leela_6959 leela/6959 0 0 20 20
leela_36927 leela/36927 0 0 20 20
leela_70156 leela/70156 0 0 20 20
leela_27 leela/27 0 0 20 20
leela_62509 leela/62509 0 0 20 20
leela_100581 leela/100581 0 0 20 20
leela_131266 leela/131266 0 0 20 20
leela_67844 leela/67844 0 0 20 20
leela_77709 leela/77709 0 0 20 20
leela_42720 leela/42720 0 0 20 20
leela_52353 leela/52353 0 0 20 20
leela_102790 leela/102790 0 0 20 20
leela_143823 leela/143823 0 0 20 20
leela_140796 leela/140796 0 0 20 20
leela_122157 leela/122157 0 0 20 20
gcc_pp_O3_5007 gcc_pp_O3/5007 0 0 20 20
gcc_pp_O3_7067 gcc_pp_O3/7067 0 0 20 20
gcc_pp_O3_195 gcc_pp_O3/195 0 0 20 20
gcc_pp_O3_6782 gcc_pp_O3/6782 0 0 20 20
gcc_pp_O3_2090 gcc_pp_O3/2090 0 0 20 20
gcc_pp_O3_4854 gcc_pp_O3/4854 0 0 20 20
gcc_pp_O3_9269 gcc_pp_O3/9269 0 0 20 20
gcc_pp_O3_3835 gcc_pp_O3/3835 0 0 20 20
gcc_pp_O3_8318 gcc_pp_O3/8318 0 0 20 20
gcc_pp_O3_1103 gcc_pp_O3/1103 0 0 20 20
gcc_pp_O3_5160 gcc_pp_O3/5160 0 0 20 20
gcc_pp_O3_9749 gcc_pp_O3/9749 0 0 20 20
gcc_pp_O3_9671 gcc_pp_O3/9671 0 0 20 20
gcc_pp_O3_2472 gcc_pp_O3/2472 0 0 20 20
gcc_pp_O3_9746 gcc_pp_O3/9746 0 0 20 20
gcc_pp_O3_4908 gcc_pp_O3/4908 0 0 20 20
gcc_pp_O3_2108 gcc_pp_O3/2108 0 0 20 20
gcc_pp_O3_5366 gcc_pp_O3/5366 0 0 20 20
gcc_pp_O3_4814 gcc_pp_O3/4814 0 0 20 20
gcc_pp_O3_5260 gcc_pp_O3/5260 0 0 20 20
gcc_pp_O3_1852 gcc_pp_O3/1852 0 0 20 20
gcc_pp_O3_3228 gcc_pp_O3/3228 0 0 20 20
wrf_158850 wrf/158850 0 0 20 20
wrf_151358 wrf/151358 0 0 20 20
wrf_65052 wrf/65052 0 0 20 20
wrf_79169 wrf/79169 0 0 20 20
wrf_188734 wrf/188734 0 0 20 20
wrf_78769 wrf/78769 0 0 20 20
wrf_69213 wrf/69213 0 0 20 20
wrf_175610 wrf/175610 0 0 20 20
wrf_207600 wrf/207600 0 0 20 20
wrf_111978 wrf/111978 0 0 20 20
wrf_62673 wrf/62673 0 0 20 20
wrf_203684 wrf/203684 0 0 20 20
wrf_205990 wrf/205990 0 0 20 20
wrf_17926 wrf/17926 0 0 20 20
wrf_1339 wrf/1339 0 0 20 20
wrf_105024 wrf/105024 0 0 20 20
wrf_66648 wrf/66648 0 0 20 20
wrf_75124 wrf/75124 0 0 20 20
wrf_144712 wrf/144712 0 0 20 20
wrf_54897 wrf/54897 0 0 20 20
wrf_137203 wrf/137203 0 0 20 20
wrf_187783 wrf/187783 0 0 20 20
wrf_126723 wrf/126723 0 0 20 20
wrf_123427 wrf/123427 0 0 20 20
xz_cld_8088 xz_cld/8088 0 0 20 20
xz_cld_12564 xz_cld/12564 0 0 20 20
xz_cld_1465 xz_cld/1465 0 0 20 20
xz_cld_1426 xz_cld/1426 0 0 20 20
xz_cld_14510 xz_cld/14510 0 0 20 20
xz_cld_13527 xz_cld/13527 0 0 20 20
xz_cld_4490 xz_cld/4490 0 0 20 20
xz_cld_18395 xz_cld/18395 0 0 20 20
xz_cld_11329 xz_cld/11329 0 0 20 20
xz_cld_14251 xz_cld/14251 0 0 20 20
xz_cld_13728 xz_cld/13728 0 0 20 20
xz_cld_5831 xz_cld/5831 0 0 20 20
xz_cld_8040 xz_cld/8040 0 0 20 20
xz_cld_3347 xz_cld/3347 0 0 20 20
xz_cld_1470 xz_cld/1470 0 0 20 20
xz_cld_7932 xz_cld/7932 0 0 20 20
namd_17731 namd/17731 0 0 20 20
namd_41206 namd/41206 0 0 20 20
namd_88287 namd/88287 0 0 20 20
namd_10967 namd/10967 0 0 20 20
namd_86702 namd/86702 0 0 20 20
namd_60614 namd/60614 0 0 20 20
namd_412 namd/412 0 0 20 20
namd_74264 namd/74264 0 0 20 20
namd_30373 namd/30373 0 0 20 20
namd_34751 namd/34751 0 0 20 20
namd_64620 namd/64620 0 0 20 20
namd_46774 namd/46774 0 0 20 20
namd_54162 namd/54162 0 0 20 20
namd_95215 namd/95215 0 0 20 20
namd_27749 namd/27749 0 0 20 20
namd_83850 namd/83850 0 0 20 20
namd_63303 namd/63303 0 0 20 20
namd_46292 namd/46292 0 0 20 20
namd_33133 namd/33133 0 0 20 20
namd_25374 namd/25374 0 0 20 20
namd_5180 namd/5180 0 0 20 20
namd_38603 namd/38603 0 0 20 20
namd_78720 namd/78720 0 0 20 20
namd_73852 namd/73852 0 0 20 20
gcc_small_O3_11353 gcc_small_O3/11353 0 0 20 20
gcc_small_O3_10575 gcc_small_O3/10575 0 0 20 20
gcc_small_O3_8468 gcc_small_O3/8468 0 0 20 20
gcc_small_O3_11655 gcc_small_O3/11655 0 0 20 20
gcc_small_O3_938 gcc_small_O3/938 0 0 20 20
gcc_small_O3_9615 gcc_small_O3/9615 0 0 20 20
gcc_small_O3_1748 gcc_small_O3/1748 0 0 20 20
gcc_small_O3_928 gcc_small_O3/928 0 0 20 20
gcc_small_O3_7076 gcc_small_O3/7076 0 0 20 20
gcc_small_O3_10034 gcc_small_O3/10034 0 0 20 20
gcc_small_O3_9800 gcc_small_O3/9800 0 0 20 20
gcc_small_O3_2990 gcc_small_O3/2990 0 0 20 20
gcc_small_O3_7220 gcc_small_O3/7220 0 0 20 20
gcc_small_O3_7950 gcc_small_O3/7950 0 0 20 20
gcc_small_O3_6673 gcc_small_O3/6673 0 0 20 20
gcc_small_O3_9984 gcc_small_O3/9984 0 0 20 20
gcc_small_O3_2883 gcc_small_O3/2883 0 0 20 20
gcc_small_O3_5501 gcc_small_O3/5501 0 0 20 20
gcc_small_O3_9590 gcc_small_O3/9590 0 0 20 20
gcc_small_O3_6943 gcc_small_O3/6943 0 0 20 20
gcc_small_O3_2512 gcc_small_O3/2512 0 0 20 20
gcc_small_O3_7608 gcc_small_O3/7608 0 0 20 20
gcc_small_O3_4053 gcc_small_O3/4053 0 0 20 20
xz_combined_21140 xz_combined/21140 0 0 20 20
xz_combined_7611 xz_combined/7611 0 0 20 20
xz_combined_14874 xz_combined/14874 0 0 20 20
xz_combined_26590 xz_combined/26590 0 0 20 20
xz_combined_8306 xz_combined/8306 0 0 20 20
xz_combined_6322 xz_combined/6322 0 0 20 20
xz_combined_8504 xz_combined/8504 0 0 20 20
xz_combined_26689 xz_combined/26689 0 0 20 20
xz_combined_9959 xz_combined/9959 0 0 20 20
xz_combined_2593 xz_combined/2593 0 0 20 20
xz_combined_632 xz_combined/632 0 0 20 20
xz_combined_145 xz_combined/145 0 0 20 20
xz_combined_141 xz_combined/141 0 0 20 20
xz_combined_8470 xz_combined/8470 0 0 20 20
xz_combined_2765 xz_combined/2765 0 0 20 20
xz_combined_3604 xz_combined/3604 0 0 20 20
xz_combined_10071 xz_combined/10071 0 0 20 20
lbm_28324 lbm/28324 0 0 20 20
lbm_3059 lbm/3059 0 0 20 20
lbm_45740 lbm/45740 0 0 20 20
lbm_27217 lbm/27217 0 0 20 20
lbm_3304 lbm/3304 0 0 20 20
lbm_63693 lbm/63693 0 0 20 20
lbm_65243 lbm/65243 0 0 20 20
lbm_61578 lbm/61578 0 0 20 20
lbm_8825 lbm/8825 0 0 20 20
lbm_11565 lbm/11565 0 0 20 20
lbm_56674 lbm/56674 0 0 20 20
x264_pass2_74409 x264_pass2/74409 0 0 20 20
x264_pass2_70222 x264_pass2/70222 0 0 20 20
x264_pass2_84176 x264_pass2/84176 0 0 20 20
x264_pass2_30433 x264_pass2/30433 0 0 20 20
x264_pass2_13067 x264_pass2/13067 0 0 20 20
x264_pass2_43792 x264_pass2/43792 0 0 20 20
x264_pass2_28779 x264_pass2/28779 0 0 20 20
x264_pass2_11073 x264_pass2/11073 0 0 20 20
x264_pass2_19886 x264_pass2/19886 0 0 20 20
x264_pass2_43254 x264_pass2/43254 0 0 20 20
x264_pass2_37592 x264_pass2/37592 0 0 20 20
x264_pass2_31864 x264_pass2/31864 0 0 20 20
x264_pass2_93277 x264_pass2/93277 0 0 20 20
x264_pass2_76616 x264_pass2/76616 0 0 20 20
x264_pass2_17304 x264_pass2/17304 0 0 20 20
x264_pass2_85344 x264_pass2/85344 0 0 20 20
x264_pass2_57369 x264_pass2/57369 0 0 20 20
x264_pass2_20355 x264_pass2/20355 0 0 20 20
x264_pass2_26159 x264_pass2/26159 0 0 20 20
x264_pass2_70548 x264_pass2/70548 0 0 20 20
bwaves_1_7137 bwaves_1/7137 0 0 20 20
bwaves_1_2042 bwaves_1/2042 0 0 20 20
bwaves_1_11954 bwaves_1/11954 0 0 20 20
bwaves_1_7092 bwaves_1/7092 0 0 20 20
bwaves_1_2884 bwaves_1/2884 0 0 20 20
bwaves_1_916 bwaves_1/916 0 0 20 20
bwaves_1_14395 bwaves_1/14395 0 0 20 20
bwaves_1_16464 bwaves_1/16464 0 0 20 20
bwaves_1_17399 bwaves_1/17399 0 0 20 20
bwaves_1_17758 bwaves_1/17758 0 0 20 20
bwaves_1_12237 bwaves_1/12237 0 0 20 20
bwaves_1_21726 bwaves_1/21726 0 0 20 20
bwaves_1_7378 bwaves_1/7378 0 0 20 20
bwaves_1_18352 bwaves_1/18352 0 0 20 20
bwaves_1_20351 bwaves_1/20351 0 0 20 20
bwaves_1_6870 bwaves_1/6870 0 0 20 20
bwaves_1_24327 bwaves_1/24327 0 0 20 20
perlbench_spam_13056 perlbench_spam/13056 0 0 20 20
perlbench_spam_23327 perlbench_spam/23327 0 0 20 20
perlbench_spam_42846 perlbench_spam/42846 0 0 20 20
perlbench_spam_36606 perlbench_spam/36606 0 0 20 20
perlbench_spam_7808 perlbench_spam/7808 0 0 20 20
perlbench_spam_3329 perlbench_spam/3329 0 0 20 20
perlbench_spam_41599 perlbench_spam/41599 0 0 20 20
perlbench_spam_25180 perlbench_spam/25180 0 0 20 20
perlbench_spam_50706 perlbench_spam/50706 0 0 20 20
perlbench_spam_22919 perlbench_spam/22919 0 0 20 20
perlbench_spam_35861 perlbench_spam/35861 0 0 20 20
perlbench_spam_44283 perlbench_spam/44283 0 0 20 20
perlbench_spam_16374 perlbench_spam/16374 0 0 20 20
perlbench_spam_26917 perlbench_spam/26917 0 0 20 20
perlbench_spam_50502 perlbench_spam/50502 0 0 20 20
perlbench_spam_1344 perlbench_spam/1344 0 0 20 20
perlbench_spam_308 perlbench_spam/308 0 0 20 20
perlbench_spam_20760 perlbench_spam/20760 0 0 20 20
mcf_18027 mcf/18027 0 0 20 20
mcf_12619 mcf/12619 0 0 20 20
mcf_23324 mcf/23324 0 0 20 20
mcf_34616 mcf/34616 0 0 20 20
mcf_39299 mcf/39299 0 0 20 20
mcf_32254 mcf/32254 0 0 20 20
mcf_28444 mcf/28444 0 0 20 20
mcf_19331 mcf/19331 0 0 20 20
mcf_38043 mcf/38043 0 0 20 20
mcf_22047 mcf/22047 0 0 20 20
mcf_29593 mcf/29593 0 0 20 20
mcf_28299 mcf/28299 0 0 20 20
mcf_31124 mcf/31124 0 0 20 20
mcf_17371 mcf/17371 0 0 20 20
mcf_24738 mcf/24738 0 0 20 20
mcf_36642 mcf/36642 0 0 20 20
mcf_23220 mcf/23220 0 0 20 20
mcf_30024 mcf/30024 0 0 20 20
mcf_3462 mcf/3462 0 0 20 20
mcf_6487 mcf/6487 0 0 20 20
mcf_5655 mcf/5655 0 0 20 20
mcf_42105 mcf/42105 0 0 20 20
mcf_40068 mcf/40068 0 0 20 20
parest_100129 parest/100129 0 0 20 20
parest_106653 parest/106653 0 0 20 20
parest_107033 parest/107033 0 0 20 20
parest_109402 parest/109402 0 0 20 20
parest_123609 parest/123609 0 0 20 20
parest_140223 parest/140223 0 0 20 20
parest_155826 parest/155826 0 0 20 20
parest_22350 parest/22350 0 0 20 20
parest_68555 parest/68555 0 0 20 20
parest_72594 parest/72594 0 0 20 20
parest_74272 parest/74272 0 0 20 20
parest_77706 parest/77706 0 0 20 20
parest_86685 parest/86685 0 0 20 20
parest_88108 parest/88108 0 0 20 20
parest_94272 parest/94272 0 0 20 20
parest_101015 parest/101015 0 0 20 20
parest_106814 parest/106814 0 0 20 20
parest_108035 parest/108035 0 0 20 20
parest_116559 parest/116559 0 0 20 20
parest_126289 parest/126289 0 0 20 20
parest_149522 parest/149522 0 0 20 20
parest_186229 parest/186229 0 0 20 20
parest_53091 parest/53091 0 0 20 20
parest_690 parest/690 0 0 20 20
parest_74242 parest/74242 0 0 20 20
parest_75025 parest/75025 0 0 20 20
parest_84573 parest/84573 0 0 20 20
parest_87392 parest/87392 0 0 20 20
parest_89507 parest/89507 0 0 20 20
parest_97240 parest/97240 0 0 20 20
